[0.000][INFO]:      ChromeDriver 23.0.1240.0 /usr/local/bin/chromedriver
[0.231][FINE]:      Initializing session with capabilities {
   "browserName": "chrome",
   "chrome.detach": true,
   "chromeOptions": {
      "detach": true
   },
   "cssSelectorsEnabled": true,
   "javascriptEnabled": true,
   "nativeEvents": false,
   "platform": "ANY",
   "rotatable": false,
   "takesScreenshot": false,
   "version": ""
}

[0.232][INFO]:      Using named testing interface
[0.566][INFO]:      Connected to Chrome successfully. Version: 23.0.1271.95
[0.570][FINE]:      Command received (/session/94f0127f1f48260a6ac188d6950ac86b)
[0.570][FINE]:      Command finished (/session/94f0127f1f48260a6ac188d6950ac86b) with response {
   "sessionId": "94f0127f1f48260a6ac188d6950ac86b",
   "status": 0,
   "value": {
      "acceptSslCerts": false,
      "applicationCacheEnabled": false,
      "browserConnectionEnabled": false,
      "browserName": "chrome",
      "chrome.chromedriverVersion": "23.0.1240.0",
      "chrome.nativeEvents": false,
      "cssSelectorsEnabled": true,
      "databaseEnabled": false,
      "handlesAlerts": true,
      "javascriptEnabled": true,
      "locationContextEnabled": false,
      "nativeEvents": true,
      "platform": "mac",
      "rotatable": false,
      "takesScreenshot": true,
      "version": "23.0.1271.95",
      "webStorageEnabled": true
   }
}

[0.572][FINE]:      Command received (/session/94f0127f1f48260a6ac188d6950ac86b/url) with params {
   "url": "http://127.0.0.1:57767/sign_in"
}

[0.572][FINER]:     Waiting for all views to stop loading...
[0.576][FINER]:     Done waiting for all views to stop loading
[0.889][FINER]:     Waiting for all views to stop loading...
[0.889][FINER]:     Done waiting for all views to stop loading
[0.889][FINE]:      Command finished (/session/94f0127f1f48260a6ac188d6950ac86b/url) with response {
   "sessionId": "94f0127f1f48260a6ac188d6950ac86b",
   "status": 0,
   "value": {

   }
}

[0.891][FINE]:      Command received (/session/94f0127f1f48260a6ac188d6950ac86b/elements) with params {
   "using": "xpath",
   "value": ".//*[self::input | self::textarea][not(./@type = 'submit' or ./@type = 'image' or ./@type = 'radi..."
}

[0.891][FINER]:     Waiting for all views to stop loading...
[0.891][FINER]:     Done waiting for all views to stop loading
[0.909][FINER]:     Waiting for all views to stop loading...
[0.909][FINER]:     Done waiting for all views to stop loading
[0.909][FINE]:      Command finished (/session/94f0127f1f48260a6ac188d6950ac86b/elements) with response {
   "sessionId": "94f0127f1f48260a6ac188d6950ac86b",
   "status": 0,
   "value": [ {
      "ELEMENT": ":wdc:1354999020235"
   } ]
}

[0.952][FINE]:      Command received (/session/94f0127f1f48260a6ac188d6950ac86b/element/:wdc:1354999020235/name)
[0.952][FINER]:     Waiting for all views to stop loading...
[0.953][FINER]:     Done waiting for all views to stop loading
[0.956][FINER]:     Waiting for all views to stop loading...
[0.957][FINER]:     Done waiting for all views to stop loading
[0.957][FINE]:      Command finished (/session/94f0127f1f48260a6ac188d6950ac86b/element/:wdc:1354999020235/name) with response {
   "sessionId": "94f0127f1f48260a6ac188d6950ac86b",
   "status": 0,
   "value": "input"
}

[0.957][FINE]:      Command received (/session/94f0127f1f48260a6ac188d6950ac86b/element/:wdc:1354999020235/attribute/type)
[0.957][FINER]:     Waiting for all views to stop loading...
[0.958][FINER]:     Done waiting for all views to stop loading
[0.977][FINER]:     Waiting for all views to stop loading...
[0.977][FINER]:     Done waiting for all views to stop loading
[0.977][FINE]:      Command finished (/session/94f0127f1f48260a6ac188d6950ac86b/element/:wdc:1354999020235/attribute/type) with response {
   "sessionId": "94f0127f1f48260a6ac188d6950ac86b",
   "status": 0,
   "value": "email"
}

[0.978][FINE]:      Command received (/session/94f0127f1f48260a6ac188d6950ac86b/execute) with params {
   "args": [ {
      "ELEMENT": ":wdc:1354999020235"
   } ],
   "script": "arguments[0].value = ''"
}

[0.978][FINER]:     Waiting for all views to stop loading...
[0.978][FINER]:     Done waiting for all views to stop loading
[0.981][FINER]:     Waiting for all views to stop loading...
[0.982][FINER]:     Done waiting for all views to stop loading
[0.982][FINE]:      Command finished (/session/94f0127f1f48260a6ac188d6950ac86b/execute) with response {
   "sessionId": "94f0127f1f48260a6ac188d6950ac86b",
   "status": 0,
   "value": null
}

[0.982][FINE]:      Command received (/session/94f0127f1f48260a6ac188d6950ac86b/element/:wdc:1354999020235/value) with params {
   "value": [ "trongrg@gmail.com" ]
}

[0.982][FINER]:     Waiting for all views to stop loading...
[0.983][FINER]:     Done waiting for all views to stop loading
[1.657][FINER]:     Waiting for all views to stop loading...
[1.657][FINER]:     Done waiting for all views to stop loading
[1.657][FINE]:      Command finished (/session/94f0127f1f48260a6ac188d6950ac86b/element/:wdc:1354999020235/value) with response {
   "sessionId": "94f0127f1f48260a6ac188d6950ac86b",
   "status": 0,
   "value": {

   }
}

[1.658][FINE]:      Command received (/session/94f0127f1f48260a6ac188d6950ac86b/elements) with params {
   "using": "xpath",
   "value": ".//*[self::input | self::textarea][not(./@type = 'submit' or ./@type = 'image' or ./@type = 'radi..."
}

[1.658][FINER]:     Waiting for all views to stop loading...
[1.659][FINER]:     Done waiting for all views to stop loading
[1.670][FINER]:     Waiting for all views to stop loading...
[1.670][FINER]:     Done waiting for all views to stop loading
[1.670][FINE]:      Command finished (/session/94f0127f1f48260a6ac188d6950ac86b/elements) with response {
   "sessionId": "94f0127f1f48260a6ac188d6950ac86b",
   "status": 0,
   "value": [ {
      "ELEMENT": ":wdc:1354999020236"
   } ]
}

[1.671][FINE]:      Command received (/session/94f0127f1f48260a6ac188d6950ac86b/element/:wdc:1354999020236/name)
[1.671][FINER]:     Waiting for all views to stop loading...
[1.671][FINER]:     Done waiting for all views to stop loading
[1.675][FINER]:     Waiting for all views to stop loading...
[1.675][FINER]:     Done waiting for all views to stop loading
[1.675][FINE]:      Command finished (/session/94f0127f1f48260a6ac188d6950ac86b/element/:wdc:1354999020236/name) with response {
   "sessionId": "94f0127f1f48260a6ac188d6950ac86b",
   "status": 0,
   "value": "input"
}

[1.675][FINE]:      Command received (/session/94f0127f1f48260a6ac188d6950ac86b/element/:wdc:1354999020236/attribute/type)
[1.675][FINER]:     Waiting for all views to stop loading...
[1.676][FINER]:     Done waiting for all views to stop loading
[1.692][FINER]:     Waiting for all views to stop loading...
[1.693][FINER]:     Done waiting for all views to stop loading
[1.693][FINE]:      Command finished (/session/94f0127f1f48260a6ac188d6950ac86b/element/:wdc:1354999020236/attribute/type) with response {
   "sessionId": "94f0127f1f48260a6ac188d6950ac86b",
   "status": 0,
   "value": "password"
}

[1.694][FINE]:      Command received (/session/94f0127f1f48260a6ac188d6950ac86b/execute) with params {
   "args": [ {
      "ELEMENT": ":wdc:1354999020236"
   } ],
   "script": "arguments[0].value = ''"
}

[1.694][FINER]:     Waiting for all views to stop loading...
[1.694][FINER]:     Done waiting for all views to stop loading
[1.696][FINER]:     Waiting for all views to stop loading...
[1.696][FINER]:     Done waiting for all views to stop loading
[1.697][FINE]:      Command finished (/session/94f0127f1f48260a6ac188d6950ac86b/execute) with response {
   "sessionId": "94f0127f1f48260a6ac188d6950ac86b",
   "status": 0,
   "value": null
}

[1.697][FINE]:      Command received (/session/94f0127f1f48260a6ac188d6950ac86b/element/:wdc:1354999020236/value) with params {
   "value": [ "please" ]
}

[1.697][FINER]:     Waiting for all views to stop loading...
[1.698][FINER]:     Done waiting for all views to stop loading
[2.204][FINER]:     Waiting for all views to stop loading...
[2.205][FINER]:     Done waiting for all views to stop loading
[2.205][FINE]:      Command finished (/session/94f0127f1f48260a6ac188d6950ac86b/element/:wdc:1354999020236/value) with response {
   "sessionId": "94f0127f1f48260a6ac188d6950ac86b",
   "status": 0,
   "value": {

   }
}

[2.206][FINE]:      Command received (/session/94f0127f1f48260a6ac188d6950ac86b/elements) with params {
   "using": "xpath",
   "value": ".//input[not(./@disabled)][./@type = 'submit' or ./@type = 'reset' or ./@type = 'image' or ./@typ..."
}

[2.206][FINER]:     Waiting for all views to stop loading...
[2.206][FINER]:     Done waiting for all views to stop loading
[2.216][FINER]:     Waiting for all views to stop loading...
[2.216][FINER]:     Done waiting for all views to stop loading
[2.216][FINE]:      Command finished (/session/94f0127f1f48260a6ac188d6950ac86b/elements) with response {
   "sessionId": "94f0127f1f48260a6ac188d6950ac86b",
   "status": 0,
   "value": [ {
      "ELEMENT": ":wdc:1354999020237"
   } ]
}

[2.217][FINE]:      Command received (/session/94f0127f1f48260a6ac188d6950ac86b/element/:wdc:1354999020237/click) with params {

}

[2.217][FINER]:     Waiting for all views to stop loading...
[2.217][FINER]:     Done waiting for all views to stop loading
[2.254][FINER]:     Waiting for all views to stop loading...
[2.500][FINER]:     Done waiting for all views to stop loading
[2.500][FINE]:      Command finished (/session/94f0127f1f48260a6ac188d6950ac86b/element/:wdc:1354999020237/click) with response {
   "sessionId": "94f0127f1f48260a6ac188d6950ac86b",
   "status": 0,
   "value": {

   }
}

[2.503][FINE]:      Command received (/session/94f0127f1f48260a6ac188d6950ac86b/url) with params {
   "url": "http://127.0.0.1:57767/profile"
}

[2.503][FINER]:     Waiting for all views to stop loading...
[2.520][FINER]:     Done waiting for all views to stop loading
[2.819][FINER]:     Waiting for all views to stop loading...
[2.820][FINER]:     Done waiting for all views to stop loading
[2.820][FINE]:      Command finished (/session/94f0127f1f48260a6ac188d6950ac86b/url) with response {
   "sessionId": "94f0127f1f48260a6ac188d6950ac86b",
   "status": 0,
   "value": {

   }
}

[2.822][FINE]:      Command received (/session/94f0127f1f48260a6ac188d6950ac86b/elements) with params {
   "using": "xpath",
   "value": ".//*[self::input | self::textarea][not(./@type = 'submit' or ./@type = 'image' or ./@type = 'radi..."
}

[2.822][FINER]:     Waiting for all views to stop loading...
[2.822][FINER]:     Done waiting for all views to stop loading
[2.854][FINER]:     Waiting for all views to stop loading...
[2.883][FINER]:     Done waiting for all views to stop loading
[2.883][FINE]:      Command finished (/session/94f0127f1f48260a6ac188d6950ac86b/elements) with response {
   "sessionId": "94f0127f1f48260a6ac188d6950ac86b",
   "status": 0,
   "value": [ {
      "ELEMENT": ":wdc:1354999022159"
   } ]
}

[2.884][FINE]:      Command received (/session/94f0127f1f48260a6ac188d6950ac86b/element/:wdc:1354999022159/name)
[2.884][FINER]:     Waiting for all views to stop loading...
[2.914][FINER]:     Done waiting for all views to stop loading
[2.938][FINER]:     Waiting for all views to stop loading...
[2.953][FINER]:     Done waiting for all views to stop loading
[2.953][FINE]:      Command finished (/session/94f0127f1f48260a6ac188d6950ac86b/element/:wdc:1354999022159/name) with response {
   "sessionId": "94f0127f1f48260a6ac188d6950ac86b",
   "status": 0,
   "value": "input"
}

[2.954][FINE]:      Command received (/session/94f0127f1f48260a6ac188d6950ac86b/element/:wdc:1354999022159/attribute/type)
[2.954][FINER]:     Waiting for all views to stop loading...
[2.990][FINER]:     Done waiting for all views to stop loading
[3.039][FINER]:     Waiting for all views to stop loading...
[3.039][FINER]:     Done waiting for all views to stop loading
[3.039][FINE]:      Command finished (/session/94f0127f1f48260a6ac188d6950ac86b/element/:wdc:1354999022159/attribute/type) with response {
   "sessionId": "94f0127f1f48260a6ac188d6950ac86b",
   "status": 0,
   "value": "text"
}

[3.040][FINE]:      Command received (/session/94f0127f1f48260a6ac188d6950ac86b/execute) with params {
   "args": [ {
      "ELEMENT": ":wdc:1354999022159"
   } ],
   "script": "arguments[0].value = ''"
}

[3.040][FINER]:     Waiting for all views to stop loading...
[3.056][FINER]:     Done waiting for all views to stop loading
[3.089][FINER]:     Waiting for all views to stop loading...
[3.105][FINER]:     Done waiting for all views to stop loading
[3.105][FINE]:      Command finished (/session/94f0127f1f48260a6ac188d6950ac86b/execute) with response {
   "sessionId": "94f0127f1f48260a6ac188d6950ac86b",
   "status": 0,
   "value": null
}

[3.106][FINE]:      Command received (/session/94f0127f1f48260a6ac188d6950ac86b/element/:wdc:1354999022159/value) with params {
   "value": [ "Trong" ]
}

[3.106][FINER]:     Waiting for all views to stop loading...
[3.137][FINER]:     Done waiting for all views to stop loading
[3.669][FINER]:     Waiting for all views to stop loading...
[3.669][FINER]:     Done waiting for all views to stop loading
[3.669][FINE]:      Command finished (/session/94f0127f1f48260a6ac188d6950ac86b/element/:wdc:1354999022159/value) with response {
   "sessionId": "94f0127f1f48260a6ac188d6950ac86b",
   "status": 0,
   "value": {

   }
}

[3.671][FINE]:      Command received (/session/94f0127f1f48260a6ac188d6950ac86b/elements) with params {
   "using": "xpath",
   "value": ".//*[self::input | self::textarea][not(./@type = 'submit' or ./@type = 'image' or ./@type = 'radi..."
}

[3.671][FINER]:     Waiting for all views to stop loading...
[3.683][FINER]:     Done waiting for all views to stop loading
[3.697][FINER]:     Waiting for all views to stop loading...
[3.697][FINER]:     Done waiting for all views to stop loading
[3.697][FINE]:      Command finished (/session/94f0127f1f48260a6ac188d6950ac86b/elements) with response {
   "sessionId": "94f0127f1f48260a6ac188d6950ac86b",
   "status": 0,
   "value": [ {
      "ELEMENT": ":wdc:1354999022160"
   } ]
}

[3.698][FINE]:      Command received (/session/94f0127f1f48260a6ac188d6950ac86b/element/:wdc:1354999022160/name)
[3.698][FINER]:     Waiting for all views to stop loading...
[3.698][FINER]:     Done waiting for all views to stop loading
[3.702][FINER]:     Waiting for all views to stop loading...
[3.703][FINER]:     Done waiting for all views to stop loading
[3.703][FINE]:      Command finished (/session/94f0127f1f48260a6ac188d6950ac86b/element/:wdc:1354999022160/name) with response {
   "sessionId": "94f0127f1f48260a6ac188d6950ac86b",
   "status": 0,
   "value": "input"
}

[3.703][FINE]:      Command received (/session/94f0127f1f48260a6ac188d6950ac86b/element/:wdc:1354999022160/attribute/type)
[3.703][FINER]:     Waiting for all views to stop loading...
[3.704][FINER]:     Done waiting for all views to stop loading
[3.720][FINER]:     Waiting for all views to stop loading...
[3.720][FINER]:     Done waiting for all views to stop loading
[3.720][FINE]:      Command finished (/session/94f0127f1f48260a6ac188d6950ac86b/element/:wdc:1354999022160/attribute/type) with response {
   "sessionId": "94f0127f1f48260a6ac188d6950ac86b",
   "status": 0,
   "value": "text"
}

[3.721][FINE]:      Command received (/session/94f0127f1f48260a6ac188d6950ac86b/execute) with params {
   "args": [ {
      "ELEMENT": ":wdc:1354999022160"
   } ],
   "script": "arguments[0].value = ''"
}

[3.721][FINER]:     Waiting for all views to stop loading...
[3.722][FINER]:     Done waiting for all views to stop loading
[3.724][FINER]:     Waiting for all views to stop loading...
[3.725][FINER]:     Done waiting for all views to stop loading
[3.725][FINE]:      Command finished (/session/94f0127f1f48260a6ac188d6950ac86b/execute) with response {
   "sessionId": "94f0127f1f48260a6ac188d6950ac86b",
   "status": 0,
   "value": null
}

[3.725][FINE]:      Command received (/session/94f0127f1f48260a6ac188d6950ac86b/element/:wdc:1354999022160/value) with params {
   "value": [ "Tran" ]
}

[3.725][FINER]:     Waiting for all views to stop loading...
[3.736][FINER]:     Done waiting for all views to stop loading
[4.205][FINER]:     Waiting for all views to stop loading...
[4.205][FINER]:     Done waiting for all views to stop loading
[4.205][FINE]:      Command finished (/session/94f0127f1f48260a6ac188d6950ac86b/element/:wdc:1354999022160/value) with response {
   "sessionId": "94f0127f1f48260a6ac188d6950ac86b",
   "status": 0,
   "value": {

   }
}

[4.206][FINE]:      Command received (/session/94f0127f1f48260a6ac188d6950ac86b/elements) with params {
   "using": "xpath",
   "value": ".//select[(((./@id = 'Gender' or ./@name = 'Gender') or ./@placeholder = 'Gender') or ./@id = //l..."
}

[4.206][FINER]:     Waiting for all views to stop loading...
[4.219][FINER]:     Done waiting for all views to stop loading
[4.233][FINER]:     Waiting for all views to stop loading...
[4.233][FINER]:     Done waiting for all views to stop loading
[4.233][FINE]:      Command finished (/session/94f0127f1f48260a6ac188d6950ac86b/elements) with response {
   "sessionId": "94f0127f1f48260a6ac188d6950ac86b",
   "status": 0,
   "value": [ {
      "ELEMENT": ":wdc:1354999022161"
   } ]
}

[4.234][FINE]:      Command received (/session/94f0127f1f48260a6ac188d6950ac86b/element/:wdc:1354999022161/elements) with params {
   "using": "xpath",
   "value": ".//option[normalize-space(string(.)) = 'Male']"
}

[4.234][FINER]:     Waiting for all views to stop loading...
[4.235][FINER]:     Done waiting for all views to stop loading
[4.244][FINER]:     Waiting for all views to stop loading...
[4.244][FINER]:     Done waiting for all views to stop loading
[4.244][FINE]:      Command finished (/session/94f0127f1f48260a6ac188d6950ac86b/element/:wdc:1354999022161/elements) with response {
   "sessionId": "94f0127f1f48260a6ac188d6950ac86b",
   "status": 0,
   "value": [ {
      "ELEMENT": ":wdc:1354999022162"
   } ]
}

[4.245][FINE]:      Command received (/session/94f0127f1f48260a6ac188d6950ac86b/element/:wdc:1354999022162/selected)
[4.245][FINER]:     Waiting for all views to stop loading...
[4.245][FINER]:     Done waiting for all views to stop loading
[4.261][FINER]:     Waiting for all views to stop loading...
[4.261][FINER]:     Done waiting for all views to stop loading
[4.261][FINE]:      Command finished (/session/94f0127f1f48260a6ac188d6950ac86b/element/:wdc:1354999022162/selected) with response {
   "sessionId": "94f0127f1f48260a6ac188d6950ac86b",
   "status": 0,
   "value": true
}

[4.262][FINE]:      Command received (/session/94f0127f1f48260a6ac188d6950ac86b/elements) with params {
   "using": "xpath",
   "value": ".//*[self::input | self::textarea][not(./@type = 'submit' or ./@type = 'image' or ./@type = 'radi..."
}

[4.262][FINER]:     Waiting for all views to stop loading...
[4.263][FINER]:     Done waiting for all views to stop loading
[4.267][FINER]:     Waiting for all views to stop loading...
[4.267][FINER]:     Done waiting for all views to stop loading
[4.267][FINE]:      Command finished (/session/94f0127f1f48260a6ac188d6950ac86b/elements) with response {
   "sessionId": "94f0127f1f48260a6ac188d6950ac86b",
   "status": 0,
   "value": [ {
      "ELEMENT": ":wdc:1354999022163"
   } ]
}

[4.268][FINE]:      Command received (/session/94f0127f1f48260a6ac188d6950ac86b/element/:wdc:1354999022163/name)
[4.268][FINER]:     Waiting for all views to stop loading...
[4.268][FINER]:     Done waiting for all views to stop loading
[4.271][FINER]:     Waiting for all views to stop loading...
[4.271][FINER]:     Done waiting for all views to stop loading
[4.271][FINE]:      Command finished (/session/94f0127f1f48260a6ac188d6950ac86b/element/:wdc:1354999022163/name) with response {
   "sessionId": "94f0127f1f48260a6ac188d6950ac86b",
   "status": 0,
   "value": "input"
}

[4.272][FINE]:      Command received (/session/94f0127f1f48260a6ac188d6950ac86b/element/:wdc:1354999022163/attribute/type)
[4.272][FINER]:     Waiting for all views to stop loading...
[4.272][FINER]:     Done waiting for all views to stop loading
[4.288][FINER]:     Waiting for all views to stop loading...
[4.288][FINER]:     Done waiting for all views to stop loading
[4.288][FINE]:      Command finished (/session/94f0127f1f48260a6ac188d6950ac86b/element/:wdc:1354999022163/attribute/type) with response {
   "sessionId": "94f0127f1f48260a6ac188d6950ac86b",
   "status": 0,
   "value": "email"
}

[4.289][FINE]:      Command received (/session/94f0127f1f48260a6ac188d6950ac86b/execute) with params {
   "args": [ {
      "ELEMENT": ":wdc:1354999022163"
   } ],
   "script": "arguments[0].value = ''"
}

[4.289][FINER]:     Waiting for all views to stop loading...
[4.290][FINER]:     Done waiting for all views to stop loading
[4.292][FINER]:     Waiting for all views to stop loading...
[4.292][FINER]:     Done waiting for all views to stop loading
[4.292][FINE]:      Command finished (/session/94f0127f1f48260a6ac188d6950ac86b/execute) with response {
   "sessionId": "94f0127f1f48260a6ac188d6950ac86b",
   "status": 0,
   "value": null
}

[4.293][FINE]:      Command received (/session/94f0127f1f48260a6ac188d6950ac86b/element/:wdc:1354999022163/value) with params {
   "value": [ "trongrg@gmail.com" ]
}

[4.293][FINER]:     Waiting for all views to stop loading...
[4.294][FINER]:     Done waiting for all views to stop loading
[5.338][FINER]:     Waiting for all views to stop loading...
[5.338][FINER]:     Done waiting for all views to stop loading
[5.338][FINE]:      Command finished (/session/94f0127f1f48260a6ac188d6950ac86b/element/:wdc:1354999022163/value) with response {
   "sessionId": "94f0127f1f48260a6ac188d6950ac86b",
   "status": 0,
   "value": {

   }
}

[5.340][FINE]:      Command received (/session/94f0127f1f48260a6ac188d6950ac86b/elements) with params {
   "using": "xpath",
   "value": ".//select[(((./@id = 'user_date_of_birth_1i' or ./@name = 'user_date_of_birth_1i') or ./@placehol..."
}

[5.340][FINER]:     Waiting for all views to stop loading...
[5.354][FINER]:     Done waiting for all views to stop loading
[5.369][FINER]:     Waiting for all views to stop loading...
[5.369][FINER]:     Done waiting for all views to stop loading
[5.369][FINE]:      Command finished (/session/94f0127f1f48260a6ac188d6950ac86b/elements) with response {
   "sessionId": "94f0127f1f48260a6ac188d6950ac86b",
   "status": 0,
   "value": [ {
      "ELEMENT": ":wdc:1354999022164"
   } ]
}

[5.370][FINE]:      Command received (/session/94f0127f1f48260a6ac188d6950ac86b/element/:wdc:1354999022164/elements) with params {
   "using": "xpath",
   "value": ".//option[normalize-space(string(.)) = '1988']"
}

[5.370][FINER]:     Waiting for all views to stop loading...
[5.370][FINER]:     Done waiting for all views to stop loading
[5.379][FINER]:     Waiting for all views to stop loading...
[5.380][FINER]:     Done waiting for all views to stop loading
[5.380][FINE]:      Command finished (/session/94f0127f1f48260a6ac188d6950ac86b/element/:wdc:1354999022164/elements) with response {
   "sessionId": "94f0127f1f48260a6ac188d6950ac86b",
   "status": 0,
   "value": [ {
      "ELEMENT": ":wdc:1354999022165"
   } ]
}

[5.380][FINE]:      Command received (/session/94f0127f1f48260a6ac188d6950ac86b/element/:wdc:1354999022165/selected)
[5.380][FINER]:     Waiting for all views to stop loading...
[5.381][FINER]:     Done waiting for all views to stop loading
[5.397][FINER]:     Waiting for all views to stop loading...
[5.397][FINER]:     Done waiting for all views to stop loading
[5.397][FINE]:      Command finished (/session/94f0127f1f48260a6ac188d6950ac86b/element/:wdc:1354999022165/selected) with response {
   "sessionId": "94f0127f1f48260a6ac188d6950ac86b",
   "status": 0,
   "value": true
}

[5.398][FINE]:      Command received (/session/94f0127f1f48260a6ac188d6950ac86b/elements) with params {
   "using": "xpath",
   "value": ".//select[(((./@id = 'user_date_of_birth_2i' or ./@name = 'user_date_of_birth_2i') or ./@placehol..."
}

[5.398][FINER]:     Waiting for all views to stop loading...
[5.398][FINER]:     Done waiting for all views to stop loading
[5.407][FINER]:     Waiting for all views to stop loading...
[5.407][FINER]:     Done waiting for all views to stop loading
[5.408][FINE]:      Command finished (/session/94f0127f1f48260a6ac188d6950ac86b/elements) with response {
   "sessionId": "94f0127f1f48260a6ac188d6950ac86b",
   "status": 0,
   "value": [ {
      "ELEMENT": ":wdc:1354999022166"
   } ]
}

[5.408][FINE]:      Command received (/session/94f0127f1f48260a6ac188d6950ac86b/element/:wdc:1354999022166/elements) with params {
   "using": "xpath",
   "value": ".//option[normalize-space(string(.)) = 'October']"
}

[5.408][FINER]:     Waiting for all views to stop loading...
[5.409][FINER]:     Done waiting for all views to stop loading
[5.417][FINER]:     Waiting for all views to stop loading...
[5.417][FINER]:     Done waiting for all views to stop loading
[5.418][FINE]:      Command finished (/session/94f0127f1f48260a6ac188d6950ac86b/element/:wdc:1354999022166/elements) with response {
   "sessionId": "94f0127f1f48260a6ac188d6950ac86b",
   "status": 0,
   "value": [ {
      "ELEMENT": ":wdc:1354999022167"
   } ]
}

[5.418][FINE]:      Command received (/session/94f0127f1f48260a6ac188d6950ac86b/element/:wdc:1354999022167/selected)
[5.418][FINER]:     Waiting for all views to stop loading...
[5.418][FINER]:     Done waiting for all views to stop loading
[5.434][FINER]:     Waiting for all views to stop loading...
[5.435][FINER]:     Done waiting for all views to stop loading
[5.435][FINE]:      Command finished (/session/94f0127f1f48260a6ac188d6950ac86b/element/:wdc:1354999022167/selected) with response {
   "sessionId": "94f0127f1f48260a6ac188d6950ac86b",
   "status": 0,
   "value": true
}

[5.436][FINE]:      Command received (/session/94f0127f1f48260a6ac188d6950ac86b/elements) with params {
   "using": "xpath",
   "value": ".//select[(((./@id = 'user_date_of_birth_3i' or ./@name = 'user_date_of_birth_3i') or ./@placehol..."
}

[5.436][FINER]:     Waiting for all views to stop loading...
[5.436][FINER]:     Done waiting for all views to stop loading
[5.445][FINER]:     Waiting for all views to stop loading...
[5.445][FINER]:     Done waiting for all views to stop loading
[5.445][FINE]:      Command finished (/session/94f0127f1f48260a6ac188d6950ac86b/elements) with response {
   "sessionId": "94f0127f1f48260a6ac188d6950ac86b",
   "status": 0,
   "value": [ {
      "ELEMENT": ":wdc:1354999022168"
   } ]
}

[5.446][FINE]:      Command received (/session/94f0127f1f48260a6ac188d6950ac86b/element/:wdc:1354999022168/elements) with params {
   "using": "xpath",
   "value": ".//option[normalize-space(string(.)) = '15']"
}

[5.446][FINER]:     Waiting for all views to stop loading...
[5.446][FINER]:     Done waiting for all views to stop loading
[5.455][FINER]:     Waiting for all views to stop loading...
[5.455][FINER]:     Done waiting for all views to stop loading
[5.455][FINE]:      Command finished (/session/94f0127f1f48260a6ac188d6950ac86b/element/:wdc:1354999022168/elements) with response {
   "sessionId": "94f0127f1f48260a6ac188d6950ac86b",
   "status": 0,
   "value": [ {
      "ELEMENT": ":wdc:1354999022169"
   } ]
}

[5.456][FINE]:      Command received (/session/94f0127f1f48260a6ac188d6950ac86b/element/:wdc:1354999022169/selected)
[5.456][FINER]:     Waiting for all views to stop loading...
[5.456][FINER]:     Done waiting for all views to stop loading
[5.472][FINER]:     Waiting for all views to stop loading...
[5.472][FINER]:     Done waiting for all views to stop loading
[5.472][FINE]:      Command finished (/session/94f0127f1f48260a6ac188d6950ac86b/element/:wdc:1354999022169/selected) with response {
   "sessionId": "94f0127f1f48260a6ac188d6950ac86b",
   "status": 0,
   "value": true
}

[5.473][FINE]:      Command received (/session/94f0127f1f48260a6ac188d6950ac86b/elements) with params {
   "using": "xpath",
   "value": ".//*[self::input | self::textarea][not(./@type = 'submit' or ./@type = 'image' or ./@type = 'radi..."
}

[5.473][FINER]:     Waiting for all views to stop loading...
[5.474][FINER]:     Done waiting for all views to stop loading
[5.484][FINER]:     Waiting for all views to stop loading...
[5.484][FINER]:     Done waiting for all views to stop loading
[5.484][FINE]:      Command finished (/session/94f0127f1f48260a6ac188d6950ac86b/elements) with response {
   "sessionId": "94f0127f1f48260a6ac188d6950ac86b",
   "status": 0,
   "value": [ {
      "ELEMENT": ":wdc:1354999022170"
   } ]
}

[5.485][FINE]:      Command received (/session/94f0127f1f48260a6ac188d6950ac86b/element/:wdc:1354999022170/name)
[5.485][FINER]:     Waiting for all views to stop loading...
[5.485][FINER]:     Done waiting for all views to stop loading
[5.488][FINER]:     Waiting for all views to stop loading...
[5.488][FINER]:     Done waiting for all views to stop loading
[5.488][FINE]:      Command finished (/session/94f0127f1f48260a6ac188d6950ac86b/element/:wdc:1354999022170/name) with response {
   "sessionId": "94f0127f1f48260a6ac188d6950ac86b",
   "status": 0,
   "value": "input"
}

[5.489][FINE]:      Command received (/session/94f0127f1f48260a6ac188d6950ac86b/element/:wdc:1354999022170/attribute/type)
[5.489][FINER]:     Waiting for all views to stop loading...
[5.489][FINER]:     Done waiting for all views to stop loading
[5.505][FINER]:     Waiting for all views to stop loading...
[5.505][FINER]:     Done waiting for all views to stop loading
[5.505][FINE]:      Command finished (/session/94f0127f1f48260a6ac188d6950ac86b/element/:wdc:1354999022170/attribute/type) with response {
   "sessionId": "94f0127f1f48260a6ac188d6950ac86b",
   "status": 0,
   "value": "tel"
}

[5.506][FINE]:      Command received (/session/94f0127f1f48260a6ac188d6950ac86b/execute) with params {
   "args": [ {
      "ELEMENT": ":wdc:1354999022170"
   } ],
   "script": "arguments[0].value = ''"
}

[5.506][FINER]:     Waiting for all views to stop loading...
[5.506][FINER]:     Done waiting for all views to stop loading
[5.509][FINER]:     Waiting for all views to stop loading...
[5.509][FINER]:     Done waiting for all views to stop loading
[5.509][FINE]:      Command finished (/session/94f0127f1f48260a6ac188d6950ac86b/execute) with response {
   "sessionId": "94f0127f1f48260a6ac188d6950ac86b",
   "status": 0,
   "value": null
}

[5.510][FINE]:      Command received (/session/94f0127f1f48260a6ac188d6950ac86b/element/:wdc:1354999022170/value) with params {
   "value": [ "01694622095" ]
}

[5.510][FINER]:     Waiting for all views to stop loading...
[5.511][FINER]:     Done waiting for all views to stop loading
[5.939][FINER]:     Waiting for all views to stop loading...
[5.939][FINER]:     Done waiting for all views to stop loading
[5.939][FINE]:      Command finished (/session/94f0127f1f48260a6ac188d6950ac86b/element/:wdc:1354999022170/value) with response {
   "sessionId": "94f0127f1f48260a6ac188d6950ac86b",
   "status": 0,
   "value": {

   }
}

[5.941][FINE]:      Command received (/session/94f0127f1f48260a6ac188d6950ac86b/elements) with params {
   "using": "xpath",
   "value": ".//*[self::input | self::textarea][not(./@type = 'submit' or ./@type = 'image' or ./@type = 'radi..."
}

[5.941][FINER]:     Waiting for all views to stop loading...
[5.941][FINER]:     Done waiting for all views to stop loading
[5.954][FINER]:     Waiting for all views to stop loading...
[5.954][FINER]:     Done waiting for all views to stop loading
[5.954][FINE]:      Command finished (/session/94f0127f1f48260a6ac188d6950ac86b/elements) with response {
   "sessionId": "94f0127f1f48260a6ac188d6950ac86b",
   "status": 0,
   "value": [ {
      "ELEMENT": ":wdc:1354999022171"
   } ]
}

[5.955][FINE]:      Command received (/session/94f0127f1f48260a6ac188d6950ac86b/element/:wdc:1354999022171/name)
[5.955][FINER]:     Waiting for all views to stop loading...
[5.955][FINER]:     Done waiting for all views to stop loading
[5.958][FINER]:     Waiting for all views to stop loading...
[5.958][FINER]:     Done waiting for all views to stop loading
[5.958][FINE]:      Command finished (/session/94f0127f1f48260a6ac188d6950ac86b/element/:wdc:1354999022171/name) with response {
   "sessionId": "94f0127f1f48260a6ac188d6950ac86b",
   "status": 0,
   "value": "input"
}

[5.959][FINE]:      Command received (/session/94f0127f1f48260a6ac188d6950ac86b/element/:wdc:1354999022171/attribute/type)
[5.959][FINER]:     Waiting for all views to stop loading...
[5.959][FINER]:     Done waiting for all views to stop loading
[5.976][FINER]:     Waiting for all views to stop loading...
[5.976][FINER]:     Done waiting for all views to stop loading
[5.976][FINE]:      Command finished (/session/94f0127f1f48260a6ac188d6950ac86b/element/:wdc:1354999022171/attribute/type) with response {
   "sessionId": "94f0127f1f48260a6ac188d6950ac86b",
   "status": 0,
   "value": "text"
}

[5.977][FINE]:      Command received (/session/94f0127f1f48260a6ac188d6950ac86b/execute) with params {
   "args": [ {
      "ELEMENT": ":wdc:1354999022171"
   } ],
   "script": "arguments[0].value = ''"
}

[5.977][FINER]:     Waiting for all views to stop loading...
[5.977][FINER]:     Done waiting for all views to stop loading
[5.980][FINER]:     Waiting for all views to stop loading...
[5.980][FINER]:     Done waiting for all views to stop loading
[5.980][FINE]:      Command finished (/session/94f0127f1f48260a6ac188d6950ac86b/execute) with response {
   "sessionId": "94f0127f1f48260a6ac188d6950ac86b",
   "status": 0,
   "value": null
}

[5.981][FINE]:      Command received (/session/94f0127f1f48260a6ac188d6950ac86b/element/:wdc:1354999022171/value) with params {
   "value": [ "" ]
}

[5.981][FINER]:     Waiting for all views to stop loading...
[5.981][FINER]:     Done waiting for all views to stop loading
[6.018][FINER]:     Waiting for all views to stop loading...
[6.018][FINER]:     Done waiting for all views to stop loading
[6.019][FINE]:      Command finished (/session/94f0127f1f48260a6ac188d6950ac86b/element/:wdc:1354999022171/value) with response {
   "sessionId": "94f0127f1f48260a6ac188d6950ac86b",
   "status": 0,
   "value": {

   }
}

[6.020][FINE]:      Command received (/session/94f0127f1f48260a6ac188d6950ac86b/elements) with params {
   "using": "xpath",
   "value": ".//*[self::input | self::textarea][not(./@type = 'submit' or ./@type = 'image' or ./@type = 'radi..."
}

[6.020][FINER]:     Waiting for all views to stop loading...
[6.020][FINER]:     Done waiting for all views to stop loading
[6.041][FINER]:     Waiting for all views to stop loading...
[6.053][FINER]:     Done waiting for all views to stop loading
[6.053][FINE]:      Command finished (/session/94f0127f1f48260a6ac188d6950ac86b/elements) with response {
   "sessionId": "94f0127f1f48260a6ac188d6950ac86b",
   "status": 0,
   "value": [ {
      "ELEMENT": ":wdc:1354999022172"
   } ]
}

[6.054][FINE]:      Command received (/session/94f0127f1f48260a6ac188d6950ac86b/element/:wdc:1354999022172/name)
[6.054][FINER]:     Waiting for all views to stop loading...
[6.070][FINER]:     Done waiting for all views to stop loading
[6.104][FINER]:     Waiting for all views to stop loading...
[6.121][FINER]:     Done waiting for all views to stop loading
[6.121][FINE]:      Command finished (/session/94f0127f1f48260a6ac188d6950ac86b/element/:wdc:1354999022172/name) with response {
   "sessionId": "94f0127f1f48260a6ac188d6950ac86b",
   "status": 0,
   "value": "input"
}

[6.122][FINE]:      Command received (/session/94f0127f1f48260a6ac188d6950ac86b/element/:wdc:1354999022172/attribute/type)
[6.122][FINER]:     Waiting for all views to stop loading...
[6.137][FINER]:     Done waiting for all views to stop loading
[6.172][FINER]:     Waiting for all views to stop loading...
[6.172][FINER]:     Done waiting for all views to stop loading
[6.172][FINE]:      Command finished (/session/94f0127f1f48260a6ac188d6950ac86b/element/:wdc:1354999022172/attribute/type) with response {
   "sessionId": "94f0127f1f48260a6ac188d6950ac86b",
   "status": 0,
   "value": "text"
}

[6.173][FINE]:      Command received (/session/94f0127f1f48260a6ac188d6950ac86b/execute) with params {
   "args": [ {
      "ELEMENT": ":wdc:1354999022172"
   } ],
   "script": "arguments[0].value = ''"
}

[6.173][FINER]:     Waiting for all views to stop loading...
[6.173][FINER]:     Done waiting for all views to stop loading
[6.187][FINER]:     Waiting for all views to stop loading...
[6.204][FINER]:     Done waiting for all views to stop loading
[6.205][FINE]:      Command finished (/session/94f0127f1f48260a6ac188d6950ac86b/execute) with response {
   "sessionId": "94f0127f1f48260a6ac188d6950ac86b",
   "status": 0,
   "value": null
}

[6.206][FINE]:      Command received (/session/94f0127f1f48260a6ac188d6950ac86b/element/:wdc:1354999022172/value) with params {
   "value": [ "" ]
}

[6.206][FINER]:     Waiting for all views to stop loading...
[6.223][FINER]:     Done waiting for all views to stop loading
[6.294][FINER]:     Waiting for all views to stop loading...
[6.294][FINER]:     Done waiting for all views to stop loading
[6.294][FINE]:      Command finished (/session/94f0127f1f48260a6ac188d6950ac86b/element/:wdc:1354999022172/value) with response {
   "sessionId": "94f0127f1f48260a6ac188d6950ac86b",
   "status": 0,
   "value": {

   }
}

[6.295][FINE]:      Command received (/session/94f0127f1f48260a6ac188d6950ac86b/elements) with params {
   "using": "xpath",
   "value": ".//*[self::input | self::textarea][not(./@type = 'submit' or ./@type = 'image' or ./@type = 'radi..."
}

[6.295][FINER]:     Waiting for all views to stop loading...
[6.295][FINER]:     Done waiting for all views to stop loading
[6.307][FINER]:     Waiting for all views to stop loading...
[6.308][FINER]:     Done waiting for all views to stop loading
[6.308][FINE]:      Command finished (/session/94f0127f1f48260a6ac188d6950ac86b/elements) with response {
   "sessionId": "94f0127f1f48260a6ac188d6950ac86b",
   "status": 0,
   "value": [ {
      "ELEMENT": ":wdc:1354999022173"
   } ]
}

[6.309][FINE]:      Command received (/session/94f0127f1f48260a6ac188d6950ac86b/element/:wdc:1354999022173/name)
[6.309][FINER]:     Waiting for all views to stop loading...
[6.309][FINER]:     Done waiting for all views to stop loading
[6.340][FINER]:     Waiting for all views to stop loading...
[6.356][FINER]:     Done waiting for all views to stop loading
[6.356][FINE]:      Command finished (/session/94f0127f1f48260a6ac188d6950ac86b/element/:wdc:1354999022173/name) with response {
   "sessionId": "94f0127f1f48260a6ac188d6950ac86b",
   "status": 0,
   "value": "input"
}

[6.357][FINE]:      Command received (/session/94f0127f1f48260a6ac188d6950ac86b/element/:wdc:1354999022173/attribute/type)
[6.357][FINER]:     Waiting for all views to stop loading...
[6.374][FINER]:     Done waiting for all views to stop loading
[6.406][FINER]:     Waiting for all views to stop loading...
[6.406][FINER]:     Done waiting for all views to stop loading
[6.406][FINE]:      Command finished (/session/94f0127f1f48260a6ac188d6950ac86b/element/:wdc:1354999022173/attribute/type) with response {
   "sessionId": "94f0127f1f48260a6ac188d6950ac86b",
   "status": 0,
   "value": "text"
}

[6.407][FINE]:      Command received (/session/94f0127f1f48260a6ac188d6950ac86b/execute) with params {
   "args": [ {
      "ELEMENT": ":wdc:1354999022173"
   } ],
   "script": "arguments[0].value = ''"
}

[6.407][FINER]:     Waiting for all views to stop loading...
[6.407][FINER]:     Done waiting for all views to stop loading
[6.424][FINER]:     Waiting for all views to stop loading...
[6.443][FINER]:     Done waiting for all views to stop loading
[6.443][FINE]:      Command finished (/session/94f0127f1f48260a6ac188d6950ac86b/execute) with response {
   "sessionId": "94f0127f1f48260a6ac188d6950ac86b",
   "status": 0,
   "value": null
}

[6.444][FINE]:      Command received (/session/94f0127f1f48260a6ac188d6950ac86b/element/:wdc:1354999022173/value) with params {
   "value": [ "" ]
}

[6.444][FINER]:     Waiting for all views to stop loading...
[6.456][FINER]:     Done waiting for all views to stop loading
[6.579][FINER]:     Waiting for all views to stop loading...
[6.579][FINER]:     Done waiting for all views to stop loading
[6.579][FINE]:      Command finished (/session/94f0127f1f48260a6ac188d6950ac86b/element/:wdc:1354999022173/value) with response {
   "sessionId": "94f0127f1f48260a6ac188d6950ac86b",
   "status": 0,
   "value": {

   }
}

[6.580][FINE]:      Command received (/session/94f0127f1f48260a6ac188d6950ac86b/elements) with params {
   "using": "xpath",
   "value": ".//*[self::input | self::textarea][not(./@type = 'submit' or ./@type = 'image' or ./@type = 'radi..."
}

[6.580][FINER]:     Waiting for all views to stop loading...
[6.580][FINER]:     Done waiting for all views to stop loading
[6.595][FINER]:     Waiting for all views to stop loading...
[6.595][FINER]:     Done waiting for all views to stop loading
[6.596][FINE]:      Command finished (/session/94f0127f1f48260a6ac188d6950ac86b/elements) with response {
   "sessionId": "94f0127f1f48260a6ac188d6950ac86b",
   "status": 0,
   "value": [ {
      "ELEMENT": ":wdc:1354999022174"
   } ]
}

[6.596][FINE]:      Command received (/session/94f0127f1f48260a6ac188d6950ac86b/element/:wdc:1354999022174/name)
[6.596][FINER]:     Waiting for all views to stop loading...
[6.596][FINER]:     Done waiting for all views to stop loading
[6.606][FINER]:     Waiting for all views to stop loading...
[6.621][FINER]:     Done waiting for all views to stop loading
[6.621][FINE]:      Command finished (/session/94f0127f1f48260a6ac188d6950ac86b/element/:wdc:1354999022174/name) with response {
   "sessionId": "94f0127f1f48260a6ac188d6950ac86b",
   "status": 0,
   "value": "input"
}

[6.622][FINE]:      Command received (/session/94f0127f1f48260a6ac188d6950ac86b/element/:wdc:1354999022174/attribute/type)
[6.622][FINER]:     Waiting for all views to stop loading...
[6.638][FINER]:     Done waiting for all views to stop loading
[6.671][FINER]:     Waiting for all views to stop loading...
[6.672][FINER]:     Done waiting for all views to stop loading
[6.672][FINE]:      Command finished (/session/94f0127f1f48260a6ac188d6950ac86b/element/:wdc:1354999022174/attribute/type) with response {
   "sessionId": "94f0127f1f48260a6ac188d6950ac86b",
   "status": 0,
   "value": "text"
}

[6.673][FINE]:      Command received (/session/94f0127f1f48260a6ac188d6950ac86b/execute) with params {
   "args": [ {
      "ELEMENT": ":wdc:1354999022174"
   } ],
   "script": "arguments[0].value = ''"
}

[6.673][FINER]:     Waiting for all views to stop loading...
[6.673][FINER]:     Done waiting for all views to stop loading
[6.688][FINER]:     Waiting for all views to stop loading...
[6.704][FINER]:     Done waiting for all views to stop loading
[6.705][FINE]:      Command finished (/session/94f0127f1f48260a6ac188d6950ac86b/execute) with response {
   "sessionId": "94f0127f1f48260a6ac188d6950ac86b",
   "status": 0,
   "value": null
}

[6.705][FINE]:      Command received (/session/94f0127f1f48260a6ac188d6950ac86b/element/:wdc:1354999022174/value) with params {
   "value": [ "" ]
}

[6.705][FINER]:     Waiting for all views to stop loading...
[6.721][FINER]:     Done waiting for all views to stop loading
[6.834][FINER]:     Waiting for all views to stop loading...
[6.834][FINER]:     Done waiting for all views to stop loading
[6.834][FINE]:      Command finished (/session/94f0127f1f48260a6ac188d6950ac86b/element/:wdc:1354999022174/value) with response {
   "sessionId": "94f0127f1f48260a6ac188d6950ac86b",
   "status": 0,
   "value": {

   }
}

[6.835][FINE]:      Command received (/session/94f0127f1f48260a6ac188d6950ac86b/elements) with params {
   "using": "xpath",
   "value": ".//*[self::input | self::textarea][not(./@type = 'submit' or ./@type = 'image' or ./@type = 'radi..."
}

[6.835][FINER]:     Waiting for all views to stop loading...
[6.836][FINER]:     Done waiting for all views to stop loading
[6.855][FINER]:     Waiting for all views to stop loading...
[6.855][FINER]:     Done waiting for all views to stop loading
[6.855][FINE]:      Command finished (/session/94f0127f1f48260a6ac188d6950ac86b/elements) with response {
   "sessionId": "94f0127f1f48260a6ac188d6950ac86b",
   "status": 0,
   "value": [ {
      "ELEMENT": ":wdc:1354999022175"
   } ]
}

[6.856][FINE]:      Command received (/session/94f0127f1f48260a6ac188d6950ac86b/element/:wdc:1354999022175/name)
[6.856][FINER]:     Waiting for all views to stop loading...
[6.856][FINER]:     Done waiting for all views to stop loading
[6.871][FINER]:     Waiting for all views to stop loading...
[6.888][FINER]:     Done waiting for all views to stop loading
[6.888][FINE]:      Command finished (/session/94f0127f1f48260a6ac188d6950ac86b/element/:wdc:1354999022175/name) with response {
   "sessionId": "94f0127f1f48260a6ac188d6950ac86b",
   "status": 0,
   "value": "input"
}

[6.888][FINE]:      Command received (/session/94f0127f1f48260a6ac188d6950ac86b/element/:wdc:1354999022175/attribute/type)
[6.888][FINER]:     Waiting for all views to stop loading...
[6.905][FINER]:     Done waiting for all views to stop loading
[6.939][FINER]:     Waiting for all views to stop loading...
[6.939][FINER]:     Done waiting for all views to stop loading
[6.939][FINE]:      Command finished (/session/94f0127f1f48260a6ac188d6950ac86b/element/:wdc:1354999022175/attribute/type) with response {
   "sessionId": "94f0127f1f48260a6ac188d6950ac86b",
   "status": 0,
   "value": "text"
}

[6.940][FINE]:      Command received (/session/94f0127f1f48260a6ac188d6950ac86b/execute) with params {
   "args": [ {
      "ELEMENT": ":wdc:1354999022175"
   } ],
   "script": "arguments[0].value = ''"
}

[6.940][FINER]:     Waiting for all views to stop loading...
[6.940][FINER]:     Done waiting for all views to stop loading
[6.955][FINER]:     Waiting for all views to stop loading...
[6.972][FINER]:     Done waiting for all views to stop loading
[6.972][FINE]:      Command finished (/session/94f0127f1f48260a6ac188d6950ac86b/execute) with response {
   "sessionId": "94f0127f1f48260a6ac188d6950ac86b",
   "status": 0,
   "value": null
}

[6.973][FINE]:      Command received (/session/94f0127f1f48260a6ac188d6950ac86b/element/:wdc:1354999022175/value) with params {
   "value": [ "" ]
}

[6.973][FINER]:     Waiting for all views to stop loading...
[6.989][FINER]:     Done waiting for all views to stop loading
[7.098][FINER]:     Waiting for all views to stop loading...
[7.099][FINER]:     Done waiting for all views to stop loading
[7.099][FINE]:      Command finished (/session/94f0127f1f48260a6ac188d6950ac86b/element/:wdc:1354999022175/value) with response {
   "sessionId": "94f0127f1f48260a6ac188d6950ac86b",
   "status": 0,
   "value": {

   }
}

[7.100][FINE]:      Command received (/session/94f0127f1f48260a6ac188d6950ac86b/elements) with params {
   "using": "xpath",
   "value": ".//select[(((./@id = 'Country' or ./@name = 'Country') or ./@placeholder = 'Country') or ./@id = ..."
}

[7.100][FINER]:     Waiting for all views to stop loading...
[7.100][FINER]:     Done waiting for all views to stop loading
[7.122][FINER]:     Waiting for all views to stop loading...
[7.139][FINER]:     Done waiting for all views to stop loading
[7.139][FINE]:      Command finished (/session/94f0127f1f48260a6ac188d6950ac86b/elements) with response {
   "sessionId": "94f0127f1f48260a6ac188d6950ac86b",
   "status": 0,
   "value": [ {
      "ELEMENT": ":wdc:1354999022176"
   } ]
}

[7.140][FINE]:      Command received (/session/94f0127f1f48260a6ac188d6950ac86b/element/:wdc:1354999022176/elements) with params {
   "using": "xpath",
   "value": ".//option[normalize-space(string(.)) = '']"
}

[7.140][FINER]:     Waiting for all views to stop loading...
[7.155][FINER]:     Done waiting for all views to stop loading
[7.189][FINER]:     Waiting for all views to stop loading...
[7.206][FINER]:     Done waiting for all views to stop loading
[7.206][FINE]:      Command finished (/session/94f0127f1f48260a6ac188d6950ac86b/element/:wdc:1354999022176/elements) with response {
   "sessionId": "94f0127f1f48260a6ac188d6950ac86b",
   "status": 0,
   "value": [ {
      "ELEMENT": ":wdc:1354999022177"
   } ]
}

[7.207][FINE]:      Command received (/session/94f0127f1f48260a6ac188d6950ac86b/element/:wdc:1354999022177/selected)
[7.207][FINER]:     Waiting for all views to stop loading...
[7.222][FINER]:     Done waiting for all views to stop loading
[7.257][FINER]:     Waiting for all views to stop loading...
[7.258][FINER]:     Done waiting for all views to stop loading
[7.258][FINE]:      Command finished (/session/94f0127f1f48260a6ac188d6950ac86b/element/:wdc:1354999022177/selected) with response {
   "sessionId": "94f0127f1f48260a6ac188d6950ac86b",
   "status": 0,
   "value": false
}

[7.258][FINE]:      Command received (/session/94f0127f1f48260a6ac188d6950ac86b/element/:wdc:1354999022177/click) with params {

}

[7.259][FINER]:     Waiting for all views to stop loading...
[7.259][FINER]:     Done waiting for all views to stop loading
[7.338][FINER]:     Waiting for all views to stop loading...
[7.338][FINER]:     Done waiting for all views to stop loading
[7.339][FINE]:      Command finished (/session/94f0127f1f48260a6ac188d6950ac86b/element/:wdc:1354999022177/click) with response {
   "sessionId": "94f0127f1f48260a6ac188d6950ac86b",
   "status": 0,
   "value": {

   }
}

[7.340][FINE]:      Command received (/session/94f0127f1f48260a6ac188d6950ac86b/elements) with params {
   "using": "xpath",
   "value": ".//input[not(./@disabled)][./@type = 'submit' or ./@type = 'reset' or ./@type = 'image' or ./@typ..."
}

[7.340][FINER]:     Waiting for all views to stop loading...
[7.340][FINER]:     Done waiting for all views to stop loading
[7.356][FINER]:     Waiting for all views to stop loading...
[7.378][FINER]:     Done waiting for all views to stop loading
[7.378][FINE]:      Command finished (/session/94f0127f1f48260a6ac188d6950ac86b/elements) with response {
   "sessionId": "94f0127f1f48260a6ac188d6950ac86b",
   "status": 0,
   "value": [ {
      "ELEMENT": ":wdc:1354999022178"
   } ]
}

[7.379][FINE]:      Command received (/session/94f0127f1f48260a6ac188d6950ac86b/element/:wdc:1354999022178/click) with params {

}

[7.379][FINER]:     Waiting for all views to stop loading...
[7.389][FINER]:     Done waiting for all views to stop loading
[7.658][FINER]:     Waiting for all views to stop loading...
[7.843][FINER]:     Done waiting for all views to stop loading
[7.843][FINE]:      Command finished (/session/94f0127f1f48260a6ac188d6950ac86b/element/:wdc:1354999022178/click) with response {
   "sessionId": "94f0127f1f48260a6ac188d6950ac86b",
   "status": 0,
   "value": {

   }
}

[7.846][FINE]:      Command received (/session/94f0127f1f48260a6ac188d6950ac86b/elements) with params {
   "using": "xpath",
   "value": "/html"
}

[7.846][FINER]:     Waiting for all views to stop loading...
[7.859][FINER]:     Done waiting for all views to stop loading
[7.912][FINER]:     Waiting for all views to stop loading...
[7.924][FINER]:     Done waiting for all views to stop loading
[7.924][FINE]:      Command finished (/session/94f0127f1f48260a6ac188d6950ac86b/elements) with response {
   "sessionId": "94f0127f1f48260a6ac188d6950ac86b",
   "status": 0,
   "value": [ {
      "ELEMENT": ":wdc:1354999027211"
   } ]
}

[7.925][FINE]:      Command received (/session/94f0127f1f48260a6ac188d6950ac86b/element/:wdc:1354999027211/text)
[7.925][FINER]:     Waiting for all views to stop loading...
[7.958][FINER]:     Done waiting for all views to stop loading
[8.242][FINER]:     Waiting for all views to stop loading...
[8.243][FINER]:     Done waiting for all views to stop loading
[8.243][FINE]:      Command finished (/session/94f0127f1f48260a6ac188d6950ac86b/element/:wdc:1354999027211/text) with response {
   "sessionId": "94f0127f1f48260a6ac188d6950ac86b",
   "status": 0,
   "value": "HOTEL MANAGEMENT\nWelcome,\nTRONG\n\u25BE\nAccount\nProfile\nSign out\nEdit profile\nEmail*\nFirst name*\nLast..."
}

[8.297][FINE]:      Command received (/session/94f0127f1f48260a6ac188d6950ac86b/elements) with params {
   "using": "xpath",
   "value": "/html"
}

[8.297][FINER]:     Waiting for all views to stop loading...
[8.308][FINER]:     Done waiting for all views to stop loading
[8.342][FINER]:     Waiting for all views to stop loading...
[8.358][FINER]:     Done waiting for all views to stop loading
[8.358][FINE]:      Command finished (/session/94f0127f1f48260a6ac188d6950ac86b/elements) with response {
   "sessionId": "94f0127f1f48260a6ac188d6950ac86b",
   "status": 0,
   "value": [ {
      "ELEMENT": ":wdc:1354999027211"
   } ]
}

[8.359][FINE]:      Command received (/session/94f0127f1f48260a6ac188d6950ac86b/element/:wdc:1354999027211/text)
[8.360][FINER]:     Waiting for all views to stop loading...
[8.375][FINER]:     Done waiting for all views to stop loading
[8.604][FINER]:     Waiting for all views to stop loading...
[8.605][FINER]:     Done waiting for all views to stop loading
[8.605][FINE]:      Command finished (/session/94f0127f1f48260a6ac188d6950ac86b/element/:wdc:1354999027211/text) with response {
   "sessionId": "94f0127f1f48260a6ac188d6950ac86b",
   "status": 0,
   "value": "HOTEL MANAGEMENT\nWelcome,\nTRONG\n\u25BE\nAccount\nProfile\nSign out\nEdit profile\nEmail*\nFirst name*\nLast..."
}

[8.658][FINE]:      Command received (/session/94f0127f1f48260a6ac188d6950ac86b/elements) with params {
   "using": "xpath",
   "value": "/html"
}

[8.658][FINER]:     Waiting for all views to stop loading...
[8.663][FINER]:     Done waiting for all views to stop loading
[8.674][FINER]:     Waiting for all views to stop loading...
[8.674][FINER]:     Done waiting for all views to stop loading
[8.674][FINE]:      Command finished (/session/94f0127f1f48260a6ac188d6950ac86b/elements) with response {
   "sessionId": "94f0127f1f48260a6ac188d6950ac86b",
   "status": 0,
   "value": [ {
      "ELEMENT": ":wdc:1354999027211"
   } ]
}

[8.675][FINE]:      Command received (/session/94f0127f1f48260a6ac188d6950ac86b/element/:wdc:1354999027211/text)
[8.675][FINER]:     Waiting for all views to stop loading...
[8.675][FINER]:     Done waiting for all views to stop loading
[8.897][FINER]:     Waiting for all views to stop loading...
[8.897][FINER]:     Done waiting for all views to stop loading
[8.897][FINE]:      Command finished (/session/94f0127f1f48260a6ac188d6950ac86b/element/:wdc:1354999027211/text) with response {
   "sessionId": "94f0127f1f48260a6ac188d6950ac86b",
   "status": 0,
   "value": "HOTEL MANAGEMENT\nWelcome,\nTRONG\n\u25BE\nAccount\nProfile\nSign out\nEdit profile\nEmail*\nFirst name*\nLast..."
}

[8.951][FINE]:      Command received (/session/94f0127f1f48260a6ac188d6950ac86b/elements) with params {
   "using": "xpath",
   "value": "/html"
}

[8.951][FINER]:     Waiting for all views to stop loading...
[8.975][FINER]:     Done waiting for all views to stop loading
[9.008][FINER]:     Waiting for all views to stop loading...
[9.008][FINER]:     Done waiting for all views to stop loading
[9.008][FINE]:      Command finished (/session/94f0127f1f48260a6ac188d6950ac86b/elements) with response {
   "sessionId": "94f0127f1f48260a6ac188d6950ac86b",
   "status": 0,
   "value": [ {
      "ELEMENT": ":wdc:1354999027211"
   } ]
}

[9.009][FINE]:      Command received (/session/94f0127f1f48260a6ac188d6950ac86b/element/:wdc:1354999027211/text)
[9.009][FINER]:     Waiting for all views to stop loading...
[9.009][FINER]:     Done waiting for all views to stop loading
[9.218][FINER]:     Waiting for all views to stop loading...
[9.218][FINER]:     Done waiting for all views to stop loading
[9.218][FINE]:      Command finished (/session/94f0127f1f48260a6ac188d6950ac86b/element/:wdc:1354999027211/text) with response {
   "sessionId": "94f0127f1f48260a6ac188d6950ac86b",
   "status": 0,
   "value": "HOTEL MANAGEMENT\nWelcome,\nTRONG\n\u25BE\nAccount\nProfile\nSign out\nEdit profile\nEmail*\nFirst name*\nLast..."
}

[9.271][FINE]:      Command received (/session/94f0127f1f48260a6ac188d6950ac86b/elements) with params {
   "using": "xpath",
   "value": "/html"
}

[9.271][FINER]:     Waiting for all views to stop loading...
[9.271][FINER]:     Done waiting for all views to stop loading
[9.273][FINER]:     Waiting for all views to stop loading...
[9.274][FINER]:     Done waiting for all views to stop loading
[9.274][FINE]:      Command finished (/session/94f0127f1f48260a6ac188d6950ac86b/elements) with response {
   "sessionId": "94f0127f1f48260a6ac188d6950ac86b",
   "status": 0,
   "value": [ {
      "ELEMENT": ":wdc:1354999027211"
   } ]
}

[9.275][FINE]:      Command received (/session/94f0127f1f48260a6ac188d6950ac86b/element/:wdc:1354999027211/text)
[9.275][FINER]:     Waiting for all views to stop loading...
[9.275][FINER]:     Done waiting for all views to stop loading
[9.484][FINER]:     Waiting for all views to stop loading...
[9.484][FINER]:     Done waiting for all views to stop loading
[9.484][FINE]:      Command finished (/session/94f0127f1f48260a6ac188d6950ac86b/element/:wdc:1354999027211/text) with response {
   "sessionId": "94f0127f1f48260a6ac188d6950ac86b",
   "status": 0,
   "value": "HOTEL MANAGEMENT\nWelcome,\nTRONG\n\u25BE\nAccount\nProfile\nSign out\nEdit profile\nEmail*\nFirst name*\nLast..."
}

[9.537][FINE]:      Command received (/session/94f0127f1f48260a6ac188d6950ac86b/elements) with params {
   "using": "xpath",
   "value": "/html"
}

[9.537][FINER]:     Waiting for all views to stop loading...
[9.538][FINER]:     Done waiting for all views to stop loading
[9.541][FINER]:     Waiting for all views to stop loading...
[9.541][FINER]:     Done waiting for all views to stop loading
[9.541][FINE]:      Command finished (/session/94f0127f1f48260a6ac188d6950ac86b/elements) with response {
   "sessionId": "94f0127f1f48260a6ac188d6950ac86b",
   "status": 0,
   "value": [ {
      "ELEMENT": ":wdc:1354999027211"
   } ]
}

[9.542][FINE]:      Command received (/session/94f0127f1f48260a6ac188d6950ac86b/element/:wdc:1354999027211/text)
[9.542][FINER]:     Waiting for all views to stop loading...
[9.542][FINER]:     Done waiting for all views to stop loading
[9.758][FINER]:     Waiting for all views to stop loading...
[9.759][FINER]:     Done waiting for all views to stop loading
[9.759][FINE]:      Command finished (/session/94f0127f1f48260a6ac188d6950ac86b/element/:wdc:1354999027211/text) with response {
   "sessionId": "94f0127f1f48260a6ac188d6950ac86b",
   "status": 0,
   "value": "HOTEL MANAGEMENT\nWelcome,\nTRONG\n\u25BE\nAccount\nProfile\nSign out\nEdit profile\nEmail*\nFirst name*\nLast..."
}

[9.812][FINE]:      Command received (/session/94f0127f1f48260a6ac188d6950ac86b/elements) with params {
   "using": "xpath",
   "value": "/html"
}

[9.812][FINER]:     Waiting for all views to stop loading...
[9.813][FINER]:     Done waiting for all views to stop loading
[9.816][FINER]:     Waiting for all views to stop loading...
[9.816][FINER]:     Done waiting for all views to stop loading
[9.816][FINE]:      Command finished (/session/94f0127f1f48260a6ac188d6950ac86b/elements) with response {
   "sessionId": "94f0127f1f48260a6ac188d6950ac86b",
   "status": 0,
   "value": [ {
      "ELEMENT": ":wdc:1354999027211"
   } ]
}

[9.817][FINE]:      Command received (/session/94f0127f1f48260a6ac188d6950ac86b/element/:wdc:1354999027211/text)
[9.817][FINER]:     Waiting for all views to stop loading...
[9.817][FINER]:     Done waiting for all views to stop loading
[10.028][FINER]:    Waiting for all views to stop loading...
[10.028][FINER]:    Done waiting for all views to stop loading
[10.029][FINE]:     Command finished (/session/94f0127f1f48260a6ac188d6950ac86b/element/:wdc:1354999027211/text) with response {
   "sessionId": "94f0127f1f48260a6ac188d6950ac86b",
   "status": 0,
   "value": "HOTEL MANAGEMENT\nWelcome,\nTRONG\n\u25BE\nAccount\nProfile\nSign out\nEdit profile\nEmail*\nFirst name*\nLast..."
}

[10.082][FINE]:     Command received (/session/94f0127f1f48260a6ac188d6950ac86b/elements) with params {
   "using": "xpath",
   "value": "/html"
}

[10.082][FINER]:    Waiting for all views to stop loading...
[10.083][FINER]:    Done waiting for all views to stop loading
[10.087][FINER]:    Waiting for all views to stop loading...
[10.088][FINER]:    Done waiting for all views to stop loading
[10.088][FINE]:     Command finished (/session/94f0127f1f48260a6ac188d6950ac86b/elements) with response {
   "sessionId": "94f0127f1f48260a6ac188d6950ac86b",
   "status": 0,
   "value": [ {
      "ELEMENT": ":wdc:1354999027211"
   } ]
}

[10.088][FINE]:     Command received (/session/94f0127f1f48260a6ac188d6950ac86b/element/:wdc:1354999027211/text)
[10.088][FINER]:    Waiting for all views to stop loading...
[10.089][FINER]:    Done waiting for all views to stop loading
[10.307][FINER]:    Waiting for all views to stop loading...
[10.308][FINER]:    Done waiting for all views to stop loading
[10.308][FINE]:     Command finished (/session/94f0127f1f48260a6ac188d6950ac86b/element/:wdc:1354999027211/text) with response {
   "sessionId": "94f0127f1f48260a6ac188d6950ac86b",
   "status": 0,
   "value": "HOTEL MANAGEMENT\nWelcome,\nTRONG\n\u25BE\nAccount\nProfile\nSign out\nEdit profile\nEmail*\nFirst name*\nLast..."
}

[10.362][FINE]:     Command received (/session/94f0127f1f48260a6ac188d6950ac86b/elements) with params {
   "using": "xpath",
   "value": "/html"
}

[10.362][FINER]:    Waiting for all views to stop loading...
[10.362][FINER]:    Done waiting for all views to stop loading
[10.365][FINER]:    Waiting for all views to stop loading...
[10.365][FINER]:    Done waiting for all views to stop loading
[10.366][FINE]:     Command finished (/session/94f0127f1f48260a6ac188d6950ac86b/elements) with response {
   "sessionId": "94f0127f1f48260a6ac188d6950ac86b",
   "status": 0,
   "value": [ {
      "ELEMENT": ":wdc:1354999027211"
   } ]
}

[10.366][FINE]:     Command received (/session/94f0127f1f48260a6ac188d6950ac86b/element/:wdc:1354999027211/text)
[10.366][FINER]:    Waiting for all views to stop loading...
[10.367][FINER]:    Done waiting for all views to stop loading
[10.578][FINER]:    Waiting for all views to stop loading...
[10.578][FINER]:    Done waiting for all views to stop loading
[10.578][FINE]:     Command finished (/session/94f0127f1f48260a6ac188d6950ac86b/element/:wdc:1354999027211/text) with response {
   "sessionId": "94f0127f1f48260a6ac188d6950ac86b",
   "status": 0,
   "value": "HOTEL MANAGEMENT\nWelcome,\nTRONG\n\u25BE\nAccount\nProfile\nSign out\nEdit profile\nEmail*\nFirst name*\nLast..."
}

[10.631][FINE]:     Command received (/session/94f0127f1f48260a6ac188d6950ac86b/elements) with params {
   "using": "xpath",
   "value": "/html"
}

[10.631][FINER]:    Waiting for all views to stop loading...
[10.631][FINER]:    Done waiting for all views to stop loading
[10.635][FINER]:    Waiting for all views to stop loading...
[10.635][FINER]:    Done waiting for all views to stop loading
[10.635][FINE]:     Command finished (/session/94f0127f1f48260a6ac188d6950ac86b/elements) with response {
   "sessionId": "94f0127f1f48260a6ac188d6950ac86b",
   "status": 0,
   "value": [ {
      "ELEMENT": ":wdc:1354999027211"
   } ]
}

[10.636][FINE]:     Command received (/session/94f0127f1f48260a6ac188d6950ac86b/element/:wdc:1354999027211/text)
[10.636][FINER]:    Waiting for all views to stop loading...
[10.636][FINER]:    Done waiting for all views to stop loading
[10.847][FINER]:    Waiting for all views to stop loading...
[10.848][FINER]:    Done waiting for all views to stop loading
[10.848][FINE]:     Command finished (/session/94f0127f1f48260a6ac188d6950ac86b/element/:wdc:1354999027211/text) with response {
   "sessionId": "94f0127f1f48260a6ac188d6950ac86b",
   "status": 0,
   "value": "HOTEL MANAGEMENT\nWelcome,\nTRONG\n\u25BE\nAccount\nProfile\nSign out\nEdit profile\nEmail*\nFirst name*\nLast..."
}

[10.901][FINE]:     Command received (/session/94f0127f1f48260a6ac188d6950ac86b/elements) with params {
   "using": "xpath",
   "value": "/html"
}

[10.901][FINER]:    Waiting for all views to stop loading...
[10.902][FINER]:    Done waiting for all views to stop loading
[10.905][FINER]:    Waiting for all views to stop loading...
[10.905][FINER]:    Done waiting for all views to stop loading
[10.905][FINE]:     Command finished (/session/94f0127f1f48260a6ac188d6950ac86b/elements) with response {
   "sessionId": "94f0127f1f48260a6ac188d6950ac86b",
   "status": 0,
   "value": [ {
      "ELEMENT": ":wdc:1354999027211"
   } ]
}

[10.906][FINE]:     Command received (/session/94f0127f1f48260a6ac188d6950ac86b/element/:wdc:1354999027211/text)
[10.906][FINER]:    Waiting for all views to stop loading...
[10.907][FINER]:    Done waiting for all views to stop loading
[11.135][FINER]:    Waiting for all views to stop loading...
[11.135][FINER]:    Done waiting for all views to stop loading
[11.135][FINE]:     Command finished (/session/94f0127f1f48260a6ac188d6950ac86b/element/:wdc:1354999027211/text) with response {
   "sessionId": "94f0127f1f48260a6ac188d6950ac86b",
   "status": 0,
   "value": "HOTEL MANAGEMENT\nWelcome,\nTRONG\n\u25BE\nAccount\nProfile\nSign out\nEdit profile\nEmail*\nFirst name*\nLast..."
}

[11.189][FINE]:     Command received (/session/94f0127f1f48260a6ac188d6950ac86b/elements) with params {
   "using": "xpath",
   "value": "/html"
}

[11.189][FINER]:    Waiting for all views to stop loading...
[11.190][FINER]:    Done waiting for all views to stop loading
[11.192][FINER]:    Waiting for all views to stop loading...
[11.192][FINER]:    Done waiting for all views to stop loading
[11.192][FINE]:     Command finished (/session/94f0127f1f48260a6ac188d6950ac86b/elements) with response {
   "sessionId": "94f0127f1f48260a6ac188d6950ac86b",
   "status": 0,
   "value": [ {
      "ELEMENT": ":wdc:1354999027211"
   } ]
}

[11.193][FINE]:     Command received (/session/94f0127f1f48260a6ac188d6950ac86b/element/:wdc:1354999027211/text)
[11.193][FINER]:    Waiting for all views to stop loading...
[11.193][FINER]:    Done waiting for all views to stop loading
[11.406][FINER]:    Waiting for all views to stop loading...
[11.406][FINER]:    Done waiting for all views to stop loading
[11.406][FINE]:     Command finished (/session/94f0127f1f48260a6ac188d6950ac86b/element/:wdc:1354999027211/text) with response {
   "sessionId": "94f0127f1f48260a6ac188d6950ac86b",
   "status": 0,
   "value": "HOTEL MANAGEMENT\nWelcome,\nTRONG\n\u25BE\nAccount\nProfile\nSign out\nEdit profile\nEmail*\nFirst name*\nLast..."
}

[11.460][FINE]:     Command received (/session/94f0127f1f48260a6ac188d6950ac86b/elements) with params {
   "using": "xpath",
   "value": "/html"
}

[11.460][FINER]:    Waiting for all views to stop loading...
[11.460][FINER]:    Done waiting for all views to stop loading
[11.464][FINER]:    Waiting for all views to stop loading...
[11.464][FINER]:    Done waiting for all views to stop loading
[11.464][FINE]:     Command finished (/session/94f0127f1f48260a6ac188d6950ac86b/elements) with response {
   "sessionId": "94f0127f1f48260a6ac188d6950ac86b",
   "status": 0,
   "value": [ {
      "ELEMENT": ":wdc:1354999027211"
   } ]
}

[11.465][FINE]:     Command received (/session/94f0127f1f48260a6ac188d6950ac86b/element/:wdc:1354999027211/text)
[11.465][FINER]:    Waiting for all views to stop loading...
[11.465][FINER]:    Done waiting for all views to stop loading
[11.683][FINER]:    Waiting for all views to stop loading...
[11.684][FINER]:    Done waiting for all views to stop loading
[11.684][FINE]:     Command finished (/session/94f0127f1f48260a6ac188d6950ac86b/element/:wdc:1354999027211/text) with response {
   "sessionId": "94f0127f1f48260a6ac188d6950ac86b",
   "status": 0,
   "value": "HOTEL MANAGEMENT\nWelcome,\nTRONG\n\u25BE\nAccount\nProfile\nSign out\nEdit profile\nEmail*\nFirst name*\nLast..."
}

[11.738][FINE]:     Command received (/session/94f0127f1f48260a6ac188d6950ac86b/elements) with params {
   "using": "xpath",
   "value": "/html"
}

[11.738][FINER]:    Waiting for all views to stop loading...
[11.738][FINER]:    Done waiting for all views to stop loading
[11.741][FINER]:    Waiting for all views to stop loading...
[11.742][FINER]:    Done waiting for all views to stop loading
[11.742][FINE]:     Command finished (/session/94f0127f1f48260a6ac188d6950ac86b/elements) with response {
   "sessionId": "94f0127f1f48260a6ac188d6950ac86b",
   "status": 0,
   "value": [ {
      "ELEMENT": ":wdc:1354999027211"
   } ]
}

[11.743][FINE]:     Command received (/session/94f0127f1f48260a6ac188d6950ac86b/element/:wdc:1354999027211/text)
[11.743][FINER]:    Waiting for all views to stop loading...
[11.743][FINER]:    Done waiting for all views to stop loading
[11.972][FINER]:    Waiting for all views to stop loading...
[11.972][FINER]:    Done waiting for all views to stop loading
[11.972][FINE]:     Command finished (/session/94f0127f1f48260a6ac188d6950ac86b/element/:wdc:1354999027211/text) with response {
   "sessionId": "94f0127f1f48260a6ac188d6950ac86b",
   "status": 0,
   "value": "HOTEL MANAGEMENT\nWelcome,\nTRONG\n\u25BE\nAccount\nProfile\nSign out\nEdit profile\nEmail*\nFirst name*\nLast..."
}

[12.026][FINE]:     Command received (/session/94f0127f1f48260a6ac188d6950ac86b/elements) with params {
   "using": "xpath",
   "value": "/html"
}

[12.026][FINER]:    Waiting for all views to stop loading...
[12.027][FINER]:    Done waiting for all views to stop loading
[12.030][FINER]:    Waiting for all views to stop loading...
[12.030][FINER]:    Done waiting for all views to stop loading
[12.030][FINE]:     Command finished (/session/94f0127f1f48260a6ac188d6950ac86b/elements) with response {
   "sessionId": "94f0127f1f48260a6ac188d6950ac86b",
   "status": 0,
   "value": [ {
      "ELEMENT": ":wdc:1354999027211"
   } ]
}

[12.031][FINE]:     Command received (/session/94f0127f1f48260a6ac188d6950ac86b/element/:wdc:1354999027211/text)
[12.031][FINER]:    Waiting for all views to stop loading...
[12.032][FINER]:    Done waiting for all views to stop loading
[12.246][FINER]:    Waiting for all views to stop loading...
[12.247][FINER]:    Done waiting for all views to stop loading
[12.247][FINE]:     Command finished (/session/94f0127f1f48260a6ac188d6950ac86b/element/:wdc:1354999027211/text) with response {
   "sessionId": "94f0127f1f48260a6ac188d6950ac86b",
   "status": 0,
   "value": "HOTEL MANAGEMENT\nWelcome,\nTRONG\n\u25BE\nAccount\nProfile\nSign out\nEdit profile\nEmail*\nFirst name*\nLast..."
}

[12.300][FINE]:     Command received (/session/94f0127f1f48260a6ac188d6950ac86b/elements) with params {
   "using": "xpath",
   "value": "/html"
}

[12.300][FINER]:    Waiting for all views to stop loading...
[12.301][FINER]:    Done waiting for all views to stop loading
[12.304][FINER]:    Waiting for all views to stop loading...
[12.304][FINER]:    Done waiting for all views to stop loading
[12.304][FINE]:     Command finished (/session/94f0127f1f48260a6ac188d6950ac86b/elements) with response {
   "sessionId": "94f0127f1f48260a6ac188d6950ac86b",
   "status": 0,
   "value": [ {
      "ELEMENT": ":wdc:1354999027211"
   } ]
}

[12.305][FINE]:     Command received (/session/94f0127f1f48260a6ac188d6950ac86b/element/:wdc:1354999027211/text)
[12.305][FINER]:    Waiting for all views to stop loading...
[12.305][FINER]:    Done waiting for all views to stop loading
[12.537][FINER]:    Waiting for all views to stop loading...
[12.537][FINER]:    Done waiting for all views to stop loading
[12.537][FINE]:     Command finished (/session/94f0127f1f48260a6ac188d6950ac86b/element/:wdc:1354999027211/text) with response {
   "sessionId": "94f0127f1f48260a6ac188d6950ac86b",
   "status": 0,
   "value": "HOTEL MANAGEMENT\nWelcome,\nTRONG\n\u25BE\nAccount\nProfile\nSign out\nEdit profile\nEmail*\nFirst name*\nLast..."
}

[12.590][FINE]:     Command received (/session/94f0127f1f48260a6ac188d6950ac86b/elements) with params {
   "using": "xpath",
   "value": "/html"
}

[12.590][FINER]:    Waiting for all views to stop loading...
[12.610][FINER]:    Done waiting for all views to stop loading
[12.643][FINER]:    Waiting for all views to stop loading...
[12.659][FINER]:    Done waiting for all views to stop loading
[12.659][FINE]:     Command finished (/session/94f0127f1f48260a6ac188d6950ac86b/elements) with response {
   "sessionId": "94f0127f1f48260a6ac188d6950ac86b",
   "status": 0,
   "value": [ {
      "ELEMENT": ":wdc:1354999027211"
   } ]
}

[12.660][FINE]:     Command received (/session/94f0127f1f48260a6ac188d6950ac86b/element/:wdc:1354999027211/text)
[12.660][FINER]:    Waiting for all views to stop loading...
[12.676][FINER]:    Done waiting for all views to stop loading
[12.903][FINER]:    Waiting for all views to stop loading...
[12.904][FINER]:    Done waiting for all views to stop loading
[12.904][FINE]:     Command finished (/session/94f0127f1f48260a6ac188d6950ac86b/element/:wdc:1354999027211/text) with response {
   "sessionId": "94f0127f1f48260a6ac188d6950ac86b",
   "status": 0,
   "value": "HOTEL MANAGEMENT\nWelcome,\nTRONG\n\u25BE\nAccount\nProfile\nSign out\nEdit profile\nEmail*\nFirst name*\nLast..."
}

[12.957][FINE]:     Command received (/session/94f0127f1f48260a6ac188d6950ac86b/elements) with params {
   "using": "xpath",
   "value": "/html"
}

[12.958][FINER]:    Waiting for all views to stop loading...
[12.958][FINER]:    Done waiting for all views to stop loading
[12.962][FINER]:    Waiting for all views to stop loading...
[12.962][FINER]:    Done waiting for all views to stop loading
[12.962][FINE]:     Command finished (/session/94f0127f1f48260a6ac188d6950ac86b/elements) with response {
   "sessionId": "94f0127f1f48260a6ac188d6950ac86b",
   "status": 0,
   "value": [ {
      "ELEMENT": ":wdc:1354999027211"
   } ]
}

[12.963][FINE]:     Command received (/session/94f0127f1f48260a6ac188d6950ac86b/element/:wdc:1354999027211/text)
[12.963][FINER]:    Waiting for all views to stop loading...
[12.963][FINER]:    Done waiting for all views to stop loading
[13.350][FINER]:    Waiting for all views to stop loading...
[13.350][FINER]:    Done waiting for all views to stop loading
[13.350][FINE]:     Command finished (/session/94f0127f1f48260a6ac188d6950ac86b/element/:wdc:1354999027211/text) with response {
   "sessionId": "94f0127f1f48260a6ac188d6950ac86b",
   "status": 0,
   "value": "HOTEL MANAGEMENT\nWelcome,\nTRONG\n\u25BE\nAccount\nProfile\nSign out\nEdit profile\nEmail*\nFirst name*\nLast..."
}

[13.403][FINE]:     Command received (/session/94f0127f1f48260a6ac188d6950ac86b/elements) with params {
   "using": "xpath",
   "value": "/html"
}

[13.403][FINER]:    Waiting for all views to stop loading...
[13.403][FINER]:    Done waiting for all views to stop loading
[13.406][FINER]:    Waiting for all views to stop loading...
[13.406][FINER]:    Done waiting for all views to stop loading
[13.406][FINE]:     Command finished (/session/94f0127f1f48260a6ac188d6950ac86b/elements) with response {
   "sessionId": "94f0127f1f48260a6ac188d6950ac86b",
   "status": 0,
   "value": [ {
      "ELEMENT": ":wdc:1354999027211"
   } ]
}

[13.407][FINE]:     Command received (/session/94f0127f1f48260a6ac188d6950ac86b/element/:wdc:1354999027211/text)
[13.407][FINER]:    Waiting for all views to stop loading...
[13.407][FINER]:    Done waiting for all views to stop loading
[13.611][FINER]:    Waiting for all views to stop loading...
[13.613][FINER]:    Done waiting for all views to stop loading
[13.613][FINE]:     Command finished (/session/94f0127f1f48260a6ac188d6950ac86b/element/:wdc:1354999027211/text) with response {
   "sessionId": "94f0127f1f48260a6ac188d6950ac86b",
   "status": 0,
   "value": "HOTEL MANAGEMENT\nWelcome,\nTRONG\n\u25BE\nAccount\nProfile\nSign out\nEdit profile\nEmail*\nFirst name*\nLast..."
}

[13.666][FINE]:     Command received (/session/94f0127f1f48260a6ac188d6950ac86b/elements) with params {
   "using": "xpath",
   "value": "/html"
}

[13.666][FINER]:    Waiting for all views to stop loading...
[13.667][FINER]:    Done waiting for all views to stop loading
[13.670][FINER]:    Waiting for all views to stop loading...
[13.671][FINER]:    Done waiting for all views to stop loading
[13.671][FINE]:     Command finished (/session/94f0127f1f48260a6ac188d6950ac86b/elements) with response {
   "sessionId": "94f0127f1f48260a6ac188d6950ac86b",
   "status": 0,
   "value": [ {
      "ELEMENT": ":wdc:1354999027211"
   } ]
}

[13.672][FINE]:     Command received (/session/94f0127f1f48260a6ac188d6950ac86b/element/:wdc:1354999027211/text)
[13.672][FINER]:    Waiting for all views to stop loading...
[13.672][FINER]:    Done waiting for all views to stop loading
[13.882][FINER]:    Waiting for all views to stop loading...
[13.882][FINER]:    Done waiting for all views to stop loading
[13.883][FINE]:     Command finished (/session/94f0127f1f48260a6ac188d6950ac86b/element/:wdc:1354999027211/text) with response {
   "sessionId": "94f0127f1f48260a6ac188d6950ac86b",
   "status": 0,
   "value": "HOTEL MANAGEMENT\nWelcome,\nTRONG\n\u25BE\nAccount\nProfile\nSign out\nEdit profile\nEmail*\nFirst name*\nLast..."
}

[13.936][FINE]:     Command received (/session/94f0127f1f48260a6ac188d6950ac86b/elements) with params {
   "using": "xpath",
   "value": "/html"
}

[13.936][FINER]:    Waiting for all views to stop loading...
[13.958][FINER]:    Done waiting for all views to stop loading
[13.991][FINER]:    Waiting for all views to stop loading...
[14.008][FINER]:    Done waiting for all views to stop loading
[14.008][FINE]:     Command finished (/session/94f0127f1f48260a6ac188d6950ac86b/elements) with response {
   "sessionId": "94f0127f1f48260a6ac188d6950ac86b",
   "status": 0,
   "value": [ {
      "ELEMENT": ":wdc:1354999027211"
   } ]
}

[14.009][FINE]:     Command received (/session/94f0127f1f48260a6ac188d6950ac86b/element/:wdc:1354999027211/text)
[14.009][FINER]:    Waiting for all views to stop loading...
[14.023][FINER]:    Done waiting for all views to stop loading
[14.250][FINER]:    Waiting for all views to stop loading...
[14.250][FINER]:    Done waiting for all views to stop loading
[14.250][FINE]:     Command finished (/session/94f0127f1f48260a6ac188d6950ac86b/element/:wdc:1354999027211/text) with response {
   "sessionId": "94f0127f1f48260a6ac188d6950ac86b",
   "status": 0,
   "value": "HOTEL MANAGEMENT\nWelcome,\nTRONG\n\u25BE\nAccount\nProfile\nSign out\nEdit profile\nEmail*\nFirst name*\nLast..."
}

[14.308][FINE]:     Command received (/session/94f0127f1f48260a6ac188d6950ac86b/elements) with params {
   "using": "xpath",
   "value": "/html"
}

[14.308][FINER]:    Waiting for all views to stop loading...
[14.422][FINER]:    Done waiting for all views to stop loading
[14.449][FINER]:    Waiting for all views to stop loading...
[14.449][FINER]:    Done waiting for all views to stop loading
[14.449][FINE]:     Command finished (/session/94f0127f1f48260a6ac188d6950ac86b/elements) with response {
   "sessionId": "94f0127f1f48260a6ac188d6950ac86b",
   "status": 0,
   "value": [ {
      "ELEMENT": ":wdc:1354999033755"
   } ]
}

[14.450][FINE]:     Command received (/session/94f0127f1f48260a6ac188d6950ac86b/element/:wdc:1354999033755/text)
[14.450][FINER]:    Waiting for all views to stop loading...
[14.451][FINER]:    Done waiting for all views to stop loading
[14.697][FINER]:    Waiting for all views to stop loading...
[14.697][FINER]:    Done waiting for all views to stop loading
[14.697][FINE]:     Command finished (/session/94f0127f1f48260a6ac188d6950ac86b/element/:wdc:1354999033755/text) with response {
   "sessionId": "94f0127f1f48260a6ac188d6950ac86b",
   "status": 0,
   "value": "HOTEL MANAGEMENT\nWelcome,\nTRONG\n\u25BE\nAccount\nProfile\nSign out\nEdit profile\nEmail*\nFirst name*\nLast..."
}

[14.751][FINE]:     Command received (/session/94f0127f1f48260a6ac188d6950ac86b/elements) with params {
   "using": "xpath",
   "value": "/html"
}

[14.751][FINER]:    Waiting for all views to stop loading...
[14.751][FINER]:    Done waiting for all views to stop loading
[14.754][FINER]:    Waiting for all views to stop loading...
[14.755][FINER]:    Done waiting for all views to stop loading
[14.755][FINE]:     Command finished (/session/94f0127f1f48260a6ac188d6950ac86b/elements) with response {
   "sessionId": "94f0127f1f48260a6ac188d6950ac86b",
   "status": 0,
   "value": [ {
      "ELEMENT": ":wdc:1354999033755"
   } ]
}

[14.755][FINE]:     Command received (/session/94f0127f1f48260a6ac188d6950ac86b/element/:wdc:1354999033755/text)
[14.755][FINER]:    Waiting for all views to stop loading...
[14.756][FINER]:    Done waiting for all views to stop loading
[14.990][FINER]:    Waiting for all views to stop loading...
[14.990][FINER]:    Done waiting for all views to stop loading
[14.990][FINE]:     Command finished (/session/94f0127f1f48260a6ac188d6950ac86b/element/:wdc:1354999033755/text) with response {
   "sessionId": "94f0127f1f48260a6ac188d6950ac86b",
   "status": 0,
   "value": "HOTEL MANAGEMENT\nWelcome,\nTRONG\n\u25BE\nAccount\nProfile\nSign out\nEdit profile\nEmail*\nFirst name*\nLast..."
}

[15.044][FINE]:     Command received (/session/94f0127f1f48260a6ac188d6950ac86b/elements) with params {
   "using": "xpath",
   "value": "/html"
}

[15.044][FINER]:    Waiting for all views to stop loading...
[15.045][FINER]:    Done waiting for all views to stop loading
[15.048][FINER]:    Waiting for all views to stop loading...
[15.048][FINER]:    Done waiting for all views to stop loading
[15.048][FINE]:     Command finished (/session/94f0127f1f48260a6ac188d6950ac86b/elements) with response {
   "sessionId": "94f0127f1f48260a6ac188d6950ac86b",
   "status": 0,
   "value": [ {
      "ELEMENT": ":wdc:1354999033755"
   } ]
}

[15.049][FINE]:     Command received (/session/94f0127f1f48260a6ac188d6950ac86b/element/:wdc:1354999033755/text)
[15.049][FINER]:    Waiting for all views to stop loading...
[15.050][FINER]:    Done waiting for all views to stop loading
[15.275][FINER]:    Waiting for all views to stop loading...
[15.275][FINER]:    Done waiting for all views to stop loading
[15.275][FINE]:     Command finished (/session/94f0127f1f48260a6ac188d6950ac86b/element/:wdc:1354999033755/text) with response {
   "sessionId": "94f0127f1f48260a6ac188d6950ac86b",
   "status": 0,
   "value": "HOTEL MANAGEMENT\nWelcome,\nTRONG\n\u25BE\nAccount\nProfile\nSign out\nEdit profile\nEmail*\nFirst name*\nLast..."
}

[15.328][FINE]:     Command received (/session/94f0127f1f48260a6ac188d6950ac86b/elements) with params {
   "using": "xpath",
   "value": "/html"
}

[15.328][FINER]:    Waiting for all views to stop loading...
[15.329][FINER]:    Done waiting for all views to stop loading
[15.354][FINER]:    Waiting for all views to stop loading...
[15.354][FINER]:    Done waiting for all views to stop loading
[15.354][FINE]:     Command finished (/session/94f0127f1f48260a6ac188d6950ac86b/elements) with response {
   "sessionId": "94f0127f1f48260a6ac188d6950ac86b",
   "status": 0,
   "value": [ {
      "ELEMENT": ":wdc:1354999033755"
   } ]
}

[15.355][FINE]:     Command received (/session/94f0127f1f48260a6ac188d6950ac86b/element/:wdc:1354999033755/text)
[15.355][FINER]:    Waiting for all views to stop loading...
[15.356][FINER]:    Done waiting for all views to stop loading
[15.579][FINER]:    Waiting for all views to stop loading...
[15.579][FINER]:    Done waiting for all views to stop loading
[15.579][FINE]:     Command finished (/session/94f0127f1f48260a6ac188d6950ac86b/element/:wdc:1354999033755/text) with response {
   "sessionId": "94f0127f1f48260a6ac188d6950ac86b",
   "status": 0,
   "value": "HOTEL MANAGEMENT\nWelcome,\nTRONG\n\u25BE\nAccount\nProfile\nSign out\nEdit profile\nEmail*\nFirst name*\nLast..."
}

[15.633][FINE]:     Command received (/session/94f0127f1f48260a6ac188d6950ac86b/elements) with params {
   "using": "xpath",
   "value": "/html"
}

[15.633][FINER]:    Waiting for all views to stop loading...
[15.634][FINER]:    Done waiting for all views to stop loading
[15.637][FINER]:    Waiting for all views to stop loading...
[15.637][FINER]:    Done waiting for all views to stop loading
[15.638][FINE]:     Command finished (/session/94f0127f1f48260a6ac188d6950ac86b/elements) with response {
   "sessionId": "94f0127f1f48260a6ac188d6950ac86b",
   "status": 0,
   "value": [ {
      "ELEMENT": ":wdc:1354999033755"
   } ]
}

[15.638][FINE]:     Command received (/session/94f0127f1f48260a6ac188d6950ac86b/element/:wdc:1354999033755/text)
[15.638][FINER]:    Waiting for all views to stop loading...
[15.639][FINER]:    Done waiting for all views to stop loading
[15.862][FINER]:    Waiting for all views to stop loading...
[15.862][FINER]:    Done waiting for all views to stop loading
[15.862][FINE]:     Command finished (/session/94f0127f1f48260a6ac188d6950ac86b/element/:wdc:1354999033755/text) with response {
   "sessionId": "94f0127f1f48260a6ac188d6950ac86b",
   "status": 0,
   "value": "HOTEL MANAGEMENT\nWelcome,\nTRONG\n\u25BE\nAccount\nProfile\nSign out\nEdit profile\nEmail*\nFirst name*\nLast..."
}

[15.915][FINE]:     Command received (/session/94f0127f1f48260a6ac188d6950ac86b/elements) with params {
   "using": "xpath",
   "value": "/html"
}

[15.915][FINER]:    Waiting for all views to stop loading...
[15.916][FINER]:    Done waiting for all views to stop loading
[15.920][FINER]:    Waiting for all views to stop loading...
[15.920][FINER]:    Done waiting for all views to stop loading
[15.920][FINE]:     Command finished (/session/94f0127f1f48260a6ac188d6950ac86b/elements) with response {
   "sessionId": "94f0127f1f48260a6ac188d6950ac86b",
   "status": 0,
   "value": [ {
      "ELEMENT": ":wdc:1354999033755"
   } ]
}

[15.921][FINE]:     Command received (/session/94f0127f1f48260a6ac188d6950ac86b/element/:wdc:1354999033755/text)
[15.921][FINER]:    Waiting for all views to stop loading...
[15.921][FINER]:    Done waiting for all views to stop loading
[16.142][FINER]:    Waiting for all views to stop loading...
[16.142][FINER]:    Done waiting for all views to stop loading
[16.142][FINE]:     Command finished (/session/94f0127f1f48260a6ac188d6950ac86b/element/:wdc:1354999033755/text) with response {
   "sessionId": "94f0127f1f48260a6ac188d6950ac86b",
   "status": 0,
   "value": "HOTEL MANAGEMENT\nWelcome,\nTRONG\n\u25BE\nAccount\nProfile\nSign out\nEdit profile\nEmail*\nFirst name*\nLast..."
}

[16.196][FINE]:     Command received (/session/94f0127f1f48260a6ac188d6950ac86b/elements) with params {
   "using": "xpath",
   "value": "/html"
}

[16.196][FINER]:    Waiting for all views to stop loading...
[16.198][FINER]:    Done waiting for all views to stop loading
[16.201][FINER]:    Waiting for all views to stop loading...
[16.201][FINER]:    Done waiting for all views to stop loading
[16.201][FINE]:     Command finished (/session/94f0127f1f48260a6ac188d6950ac86b/elements) with response {
   "sessionId": "94f0127f1f48260a6ac188d6950ac86b",
   "status": 0,
   "value": [ {
      "ELEMENT": ":wdc:1354999033755"
   } ]
}

[16.202][FINE]:     Command received (/session/94f0127f1f48260a6ac188d6950ac86b/element/:wdc:1354999033755/text)
[16.202][FINER]:    Waiting for all views to stop loading...
[16.202][FINER]:    Done waiting for all views to stop loading
[16.423][FINER]:    Waiting for all views to stop loading...
[16.423][FINER]:    Done waiting for all views to stop loading
[16.424][FINE]:     Command finished (/session/94f0127f1f48260a6ac188d6950ac86b/element/:wdc:1354999033755/text) with response {
   "sessionId": "94f0127f1f48260a6ac188d6950ac86b",
   "status": 0,
   "value": "HOTEL MANAGEMENT\nWelcome,\nTRONG\n\u25BE\nAccount\nProfile\nSign out\nEdit profile\nEmail*\nFirst name*\nLast..."
}

[16.478][FINE]:     Command received (/session/94f0127f1f48260a6ac188d6950ac86b/elements) with params {
   "using": "xpath",
   "value": "/html"
}

[16.478][FINER]:    Waiting for all views to stop loading...
[16.478][FINER]:    Done waiting for all views to stop loading
[16.483][FINER]:    Waiting for all views to stop loading...
[16.483][FINER]:    Done waiting for all views to stop loading
[16.483][FINE]:     Command finished (/session/94f0127f1f48260a6ac188d6950ac86b/elements) with response {
   "sessionId": "94f0127f1f48260a6ac188d6950ac86b",
   "status": 0,
   "value": [ {
      "ELEMENT": ":wdc:1354999033755"
   } ]
}

[16.484][FINE]:     Command received (/session/94f0127f1f48260a6ac188d6950ac86b/element/:wdc:1354999033755/text)
[16.484][FINER]:    Waiting for all views to stop loading...
[16.484][FINER]:    Done waiting for all views to stop loading
[16.703][FINER]:    Waiting for all views to stop loading...
[16.703][FINER]:    Done waiting for all views to stop loading
[16.703][FINE]:     Command finished (/session/94f0127f1f48260a6ac188d6950ac86b/element/:wdc:1354999033755/text) with response {
   "sessionId": "94f0127f1f48260a6ac188d6950ac86b",
   "status": 0,
   "value": "HOTEL MANAGEMENT\nWelcome,\nTRONG\n\u25BE\nAccount\nProfile\nSign out\nEdit profile\nEmail*\nFirst name*\nLast..."
}

[16.756][FINE]:     Command received (/session/94f0127f1f48260a6ac188d6950ac86b/elements) with params {
   "using": "xpath",
   "value": "/html"
}

[16.756][FINER]:    Waiting for all views to stop loading...
[16.779][FINER]:    Done waiting for all views to stop loading
[16.812][FINER]:    Waiting for all views to stop loading...
[16.829][FINER]:    Done waiting for all views to stop loading
[16.829][FINE]:     Command finished (/session/94f0127f1f48260a6ac188d6950ac86b/elements) with response {
   "sessionId": "94f0127f1f48260a6ac188d6950ac86b",
   "status": 0,
   "value": [ {
      "ELEMENT": ":wdc:1354999033755"
   } ]
}

[16.830][FINE]:     Command received (/session/94f0127f1f48260a6ac188d6950ac86b/element/:wdc:1354999033755/text)
[16.830][FINER]:    Waiting for all views to stop loading...
[16.862][FINER]:    Done waiting for all views to stop loading
[17.088][FINER]:    Waiting for all views to stop loading...
[17.088][FINER]:    Done waiting for all views to stop loading
[17.088][FINE]:     Command finished (/session/94f0127f1f48260a6ac188d6950ac86b/element/:wdc:1354999033755/text) with response {
   "sessionId": "94f0127f1f48260a6ac188d6950ac86b",
   "status": 0,
   "value": "HOTEL MANAGEMENT\nWelcome,\nTRONG\n\u25BE\nAccount\nProfile\nSign out\nEdit profile\nEmail*\nFirst name*\nLast..."
}

[17.193][FINE]:     Command received (/session/94f0127f1f48260a6ac188d6950ac86b/elements) with params {
   "using": "xpath",
   "value": "/html"
}

[17.193][FINER]:    Waiting for all views to stop loading...
[17.306][FINER]:    Done waiting for all views to stop loading
[17.318][FINER]:    Waiting for all views to stop loading...
[17.318][FINER]:    Done waiting for all views to stop loading
[17.318][FINE]:     Command finished (/session/94f0127f1f48260a6ac188d6950ac86b/elements) with response {
   "sessionId": "94f0127f1f48260a6ac188d6950ac86b",
   "status": 0,
   "value": [ {
      "ELEMENT": ":wdc:1354999036639"
   } ]
}

[17.319][FINE]:     Command received (/session/94f0127f1f48260a6ac188d6950ac86b/element/:wdc:1354999036639/text)
[17.319][FINER]:    Waiting for all views to stop loading...
[17.320][FINER]:    Done waiting for all views to stop loading
[17.564][FINER]:    Waiting for all views to stop loading...
[17.564][FINER]:    Done waiting for all views to stop loading
[17.564][FINE]:     Command finished (/session/94f0127f1f48260a6ac188d6950ac86b/element/:wdc:1354999036639/text) with response {
   "sessionId": "94f0127f1f48260a6ac188d6950ac86b",
   "status": 0,
   "value": "HOTEL MANAGEMENT\nWelcome,\nTRONG\n\u25BE\nAccount\nProfile\nSign out\nEdit profile\nEmail*\nFirst name*\nLast..."
}

[17.618][FINE]:     Command received (/session/94f0127f1f48260a6ac188d6950ac86b/elements) with params {
   "using": "xpath",
   "value": "/html"
}

[17.618][FINER]:    Waiting for all views to stop loading...
[17.618][FINER]:    Done waiting for all views to stop loading
[17.621][FINER]:    Waiting for all views to stop loading...
[17.621][FINER]:    Done waiting for all views to stop loading
[17.621][FINE]:     Command finished (/session/94f0127f1f48260a6ac188d6950ac86b/elements) with response {
   "sessionId": "94f0127f1f48260a6ac188d6950ac86b",
   "status": 0,
   "value": [ {
      "ELEMENT": ":wdc:1354999036639"
   } ]
}

[17.622][FINE]:     Command received (/session/94f0127f1f48260a6ac188d6950ac86b/element/:wdc:1354999036639/text)
[17.622][FINER]:    Waiting for all views to stop loading...
[17.622][FINER]:    Done waiting for all views to stop loading
[17.844][FINER]:    Waiting for all views to stop loading...
[17.844][FINER]:    Done waiting for all views to stop loading
[17.844][FINE]:     Command finished (/session/94f0127f1f48260a6ac188d6950ac86b/element/:wdc:1354999036639/text) with response {
   "sessionId": "94f0127f1f48260a6ac188d6950ac86b",
   "status": 0,
   "value": "HOTEL MANAGEMENT\nWelcome,\nTRONG\n\u25BE\nAccount\nProfile\nSign out\nEdit profile\nEmail*\nFirst name*\nLast..."
}

[17.846][FINE]:     Command received (/session/94f0127f1f48260a6ac188d6950ac86b/elements) with params {
   "using": "xpath",
   "value": "/html"
}

[17.846][FINER]:    Waiting for all views to stop loading...
[17.847][FINER]:    Done waiting for all views to stop loading
[17.849][FINER]:    Waiting for all views to stop loading...
[17.849][FINER]:    Done waiting for all views to stop loading
[17.849][FINE]:     Command finished (/session/94f0127f1f48260a6ac188d6950ac86b/elements) with response {
   "sessionId": "94f0127f1f48260a6ac188d6950ac86b",
   "status": 0,
   "value": [ {
      "ELEMENT": ":wdc:1354999036639"
   } ]
}

[17.850][FINE]:     Command received (/session/94f0127f1f48260a6ac188d6950ac86b/element/:wdc:1354999036639/text)
[17.850][FINER]:    Waiting for all views to stop loading...
[17.850][FINER]:    Done waiting for all views to stop loading
[18.066][FINER]:    Waiting for all views to stop loading...
[18.066][FINER]:    Done waiting for all views to stop loading
[18.066][FINE]:     Command finished (/session/94f0127f1f48260a6ac188d6950ac86b/element/:wdc:1354999036639/text) with response {
   "sessionId": "94f0127f1f48260a6ac188d6950ac86b",
   "status": 0,
   "value": "HOTEL MANAGEMENT\nWelcome,\nTRONG\n\u25BE\nAccount\nProfile\nSign out\nEdit profile\nEmail*\nFirst name*\nLast..."
}

[18.110][FINE]:     Command received (/session/94f0127f1f48260a6ac188d6950ac86b/cookie)
[18.110][FINER]:    Waiting for all views to stop loading...
[18.110][FINER]:    Done waiting for all views to stop loading
[18.176][FINER]:    Waiting for all views to stop loading...
[18.176][FINER]:    Done waiting for all views to stop loading
[18.176][FINE]:     Command finished (/session/94f0127f1f48260a6ac188d6950ac86b/cookie) with response {
   "sessionId": "94f0127f1f48260a6ac188d6950ac86b",
   "status": 0,
   "value": {

   }
}

[18.177][FINE]:     Command received (/session/94f0127f1f48260a6ac188d6950ac86b/url) with params {
   "url": "about:blank"
}

[18.177][FINER]:    Waiting for all views to stop loading...
[18.178][FINER]:    Done waiting for all views to stop loading
[18.304][FINER]:    Waiting for all views to stop loading...
[18.307][FINER]:    Done waiting for all views to stop loading
[18.307][FINE]:     Command finished (/session/94f0127f1f48260a6ac188d6950ac86b/url) with response {
   "sessionId": "94f0127f1f48260a6ac188d6950ac86b",
   "status": 0,
   "value": {

   }
}

[24.026][FINE]:     Command received (/session/94f0127f1f48260a6ac188d6950ac86b)
[24.092][INFO]:     Chrome shutdown
